/home/oc/cores/100baset /home/oc/cores
/home/oc/cores
/home/oc/cores/1394ohci /home/oc/cores
/home/oc/cores
/home/oc/cores/2dcoprocessor /home/oc/cores
/home/oc/cores
/home/oc/cores/395_vgs /home/oc/cores
/home/oc/cores
/home/oc/cores/3des_vhdl /home/oc/cores
/home/oc/cores
/home/oc/cores/4bitprocesor /home/oc/cores
/home/oc/cores
/home/oc/cores/6502vhdl /home/oc/cores
/home/oc/cores
/home/oc/cores/68hc05 /home/oc/cores
/home/oc/cores
/home/oc/cores/68hc08 /home/oc/cores
/home/oc/cores
/home/oc/cores/8051_serial /home/oc/cores
/home/oc/cores
/home/oc/cores/8051_to_ahb_interface /home/oc/cores
/home/oc/cores
/home/oc/cores/8b10b_encdec /home/oc/cores
Adding         8b10_dec.vhd

Committed revision 7.
Adding         8b10_enc.vhd

Committed revision 8.
Adding         enc_8b10b_TB.vhd

Committed revision 9.
Adding         encdec_8b10b_TB.vhd

Committed revision 10.
/home/oc/cores
/home/oc/cores/8bituartvhdl /home/oc/cores
/home/oc/cores
/home/oc/cores/aacencode /home/oc/cores
/home/oc/cores
/home/oc/cores/acxbrd /home/oc/cores
/home/oc/cores
/home/oc/cores/adaptivefilter /home/oc/cores
/home/oc/cores
/home/oc/cores/adaptive_lms_equalizer /home/oc/cores
/home/oc/cores
/home/oc/cores/adder /home/oc/cores
/home/oc/cores
/home/oc/cores/ae18 /home/oc/cores
/home/oc/cores
/home/oc/cores/aemb /home/oc/cores
/home/oc/cores
/home/oc/cores/aes128 /home/oc/cores
/home/oc/cores
/home/oc/cores/aes_128_192_256 /home/oc/cores
Adding         aes_dec.vhdl

Committed revision 1.
Adding         aes_enc.vhdl

Committed revision 2.
Adding         aes_pkg.vhdl

Committed revision 3.
Adding  (bin)  aes_top.pdf

Committed revision 4.
Adding         key_expansion.vhdl

Committed revision 5.
/home/oc/cores
/home/oc/cores/aes_core /home/oc/cores
/home/oc/cores
/home/oc/cores/aes_crypto_core /home/oc/cores
/home/oc/cores
/home/oc/cores/aes_fekete256 /home/oc/cores
Adding  (bin)  AES.ZIP

Committed revision 1.
/home/oc/cores
/home/oc/cores/ahb2wishbone /home/oc/cores
/home/oc/cores
/home/oc/cores/ahbahb /home/oc/cores
/home/oc/cores
/home/oc/cores/ahb_arbiter /home/oc/cores
/home/oc/cores
/home/oc/cores/ahb_system_generator /home/oc/cores
/home/oc/cores
/home/oc/cores/all_digital_fm_receiver /home/oc/cores
Adding  (bin)  architecture.png

Committed revision 2.
Adding  (bin)  fmsquare.jpg

Committed revision 3.
Adding  (bin)  fmtriangular.jpg

Committed revision 4.
/home/oc/cores
/home/oc/cores/alternascope /home/oc/cores
Adding  (bin)  Alternascope_Sept15_2005.rar

Committed revision 2.
Adding  (bin)  BlockDiagram_small.GIF

Committed revision 3.
Adding  (bin)  OpenCores.JPG

Committed revision 4.
/home/oc/cores
/home/oc/cores/alu_with_selectable_inputs_and_outputs /home/oc/cores
/home/oc/cores
/home/oc/cores/amba_compliant_fifo_core /home/oc/cores
/home/oc/cores
/home/oc/cores/ambasdram /home/oc/cores
/home/oc/cores
/home/oc/cores/aquarius /home/oc/cores
/home/oc/cores
/home/oc/cores/aspida /home/oc/cores
Adding  (bin)  aspida_dlx_core.tar.gz

Committed revision 1.
Adding  (bin)  aspida.gif

Committed revision 2.
Adding  (bin)  faq.tar.gz

Committed revision 3.
Adding  (bin)  thumb_aspida.gif

Committed revision 4.
/home/oc/cores
/home/oc/cores/asynchronous_clocks /home/oc/cores
/home/oc/cores
/home/oc/cores/ata /home/oc/cores
Adding         index.shtml

Committed revision 2.
Adding  (bin)  preliminary_ata_core.pdf

Committed revision 3.
/home/oc/cores
/home/oc/cores/auto_baud /home/oc/cores
/home/oc/cores
/home/oc/cores/a_vhd_16550_uart /home/oc/cores
Adding  (bin)  gh_uart_16550_101307.zip

Committed revision 1.
Adding         vhdl_16550_uart_2_2.pdf

Committed revision 2.
/home/oc/cores
/home/oc/cores/a_vhdl_can_controller /home/oc/cores
Adding  (bin)  can_parts.zip

Committed revision 1.
/home/oc/cores
/home/oc/cores/avr_core /home/oc/cores
Adding  (bin)  AVR_Core8F.tar.gz

Committed revision 1.
/home/oc/cores
/home/oc/cores/ax8 /home/oc/cores
/home/oc/cores
/home/oc/cores/basicdes /home/oc/cores
/home/oc/cores
/home/oc/cores/basicrsa /home/oc/cores
/home/oc/cores
/home/oc/cores/baudgen /home/oc/cores
Adding         am_baud_rate_gen.vhd

Committed revision 2.
/home/oc/cores
/home/oc/cores/baud_select_uart /home/oc/cores
/home/oc/cores
/home/oc/cores/bc6502 /home/oc/cores
/home/oc/cores
/home/oc/cores/big_counter /home/oc/cores
/home/oc/cores
/home/oc/cores/binary_to_bcd /home/oc/cores
/home/oc/cores
/home/oc/cores/bips /home/oc/cores
/home/oc/cores
/home/oc/cores/biquad /home/oc/cores
Adding  (bin)  biquad.pdf

Committed revision 1.
Adding         biquad.v

Committed revision 2.
Adding         bqmain.v

Committed revision 3.
Adding  (bin)  bquad_blk.gif

Committed revision 4.
Adding         coefio.v

Committed revision 5.
Adding         index.shtml

Committed revision 6.
Adding         multa.v

Committed revision 7.
Adding         multb.v

Committed revision 8.
Adding         vsource.html

Committed revision 9.
/home/oc/cores
/home/oc/cores/bluespec-80211atransmitter /home/oc/cores
/home/oc/cores
/home/oc/cores/bluespec-bsp /home/oc/cores
/home/oc/cores
/home/oc/cores/bluespec-convolutional-codec /home/oc/cores
/home/oc/cores
/home/oc/cores/bluespec-fft /home/oc/cores
/home/oc/cores
/home/oc/cores/bluespec-galoisfield /home/oc/cores
/home/oc/cores
/home/oc/cores/bluespec-h264 /home/oc/cores
/home/oc/cores
/home/oc/cores/bluespec-ofdm /home/oc/cores
/home/oc/cores
/home/oc/cores/bluespec-reedsolomon /home/oc/cores
/home/oc/cores
/home/oc/cores/bluetooth /home/oc/cores
Adding         BBspec.shtml

Committed revision 2.
Adding  (bin)  Bluetooth_01b.zip

Committed revision 3.
Adding  (bin)  Bluetooth_02b.zip

Committed revision 4.
Adding  (bin)  Bluetooth.zip

Committed revision 5.
Adding         index.shtml

Committed revision 6.
/home/oc/cores
/home/oc/cores/bluetooth_ver /home/oc/cores
/home/oc/cores
/home/oc/cores/board /home/oc/cores
Adding  (bin)  blockdiagram.jpg

Committed revision 1.
Adding  (bin)  boardflow.jpg

Committed revision 2.
Adding         board.shtml

Committed revision 3.
Adding  (bin)  coreflow.jpg

Committed revision 4.
Adding         index.shtml

Committed revision 5.
Adding  (bin)  led.jpg

Committed revision 6.
Adding  (bin)  matrics.gif

Committed revision 7.
Adding  (bin)  power_led.gif

Committed revision 8.
Adding         XC95108-PC84.sym

Committed revision 9.
/home/oc/cores
/home/oc/cores/boundaries /home/oc/cores
/home/oc/cores
/home/oc/cores/brisc /home/oc/cores
/home/oc/cores
/home/oc/cores/butterfly /home/oc/cores
/home/oc/cores
/home/oc/cores/c16 /home/oc/cores
/home/oc/cores
/home/oc/cores/cable /home/oc/cores
/home/oc/cores
/home/oc/cores/cachemodel /home/oc/cores
/home/oc/cores
/home/oc/cores/cam /home/oc/cores
/home/oc/cores
/home/oc/cores/camellia /home/oc/cores
Adding         camellia_core_tb.vhd

Committed revision 1.
Adding         CAMELLIA_CORE.vhd

Committed revision 2.
Adding  (bin)  Camellia_doc.pdf

Committed revision 3.
/home/oc/cores
/home/oc/cores/camellia-vhdl /home/oc/cores
/home/oc/cores
/home/oc/cores/can /home/oc/cores
Adding  (bin)  CAN.gif

Committed revision 2.
/home/oc/cores
/home/oc/cores/cas /home/oc/cores
/home/oc/cores
/home/oc/cores/cdma /home/oc/cores
/home/oc/cores
/home/oc/cores/cereon /home/oc/cores
Adding  (bin)  AssemblerReference.pdf

Committed revision 1.
Adding         CereonArchitectureReferenceManual_Version1.pdf

Committed revision 2.
Adding  (bin)  ProcedureCallingStandards.pdf

Committed revision 3.
Adding  (bin)  ProcessorIdentificationScheme.pdf

Committed revision 4.
/home/oc/cores
/home/oc/cores/cf_cordic /home/oc/cores
Adding  (bin)  cf_cordic.tgz

Committed revision 1.
/home/oc/cores
/home/oc/cores/cf_fft /home/oc/cores
Adding  (bin)  cf_fft_test_large.tgz

Committed revision 1.
Adding  (bin)  cf_fft_test.tgz

Committed revision 2.
Adding  (bin)  cf_fft.tgz

Committed revision 3.
/home/oc/cores
/home/oc/cores/cf_fir /home/oc/cores
Adding  (bin)  cf_fir.tgz

Committed revision 1.
/home/oc/cores
/home/oc/cores/cf_fp_mul /home/oc/cores
Adding  (bin)  cf_fp_mul.tgz

Committed revision 1.
/home/oc/cores
/home/oc/cores/cfft /home/oc/cores
/home/oc/cores
/home/oc/cores/cfinterface /home/oc/cores
/home/oc/cores
/home/oc/cores/cf_interleaver /home/oc/cores
Adding  (bin)  cf_interleaver.tgz

Committed revision 1.
/home/oc/cores
/home/oc/cores/cf_ldpc /home/oc/cores
Adding  (bin)  cf_ldpc.tgz

Committed revision 1.
/home/oc/cores
/home/oc/cores/cf_rca /home/oc/cores
Adding  (bin)  cf_rca.tgz

Committed revision 1.
Adding  (bin)  rca_tile.png

Committed revision 2.
/home/oc/cores
/home/oc/cores/cf_ssp /home/oc/cores
Adding  (bin)  cf_ssp.tgz

Committed revision 1.
Adding         ssp_cordic.c

Committed revision 2.
Adding         ssp_first_order.c

Committed revision 3.
/home/oc/cores
/home/oc/cores/cia /home/oc/cores
/home/oc/cores
/home/oc/cores/claw /home/oc/cores
/home/oc/cores
/home/oc/cores/clocklessalu /home/oc/cores
/home/oc/cores
/home/oc/cores/cmpct /home/oc/cores
/home/oc/cores
/home/oc/cores/c-nit_soc /home/oc/cores
/home/oc/cores
/home/oc/cores/color_converter /home/oc/cores
/home/oc/cores
/home/oc/cores/constellation_vga /home/oc/cores
/home/oc/cores
/home/oc/cores/const_encoder /home/oc/cores
Adding  (bin)  Const_enc_oc.doc

Committed revision 1.
Adding         const_enc.vhd

Committed revision 2.
/home/oc/cores
/home/oc/cores/cordic /home/oc/cores
Adding         cordic.pdf

Committed revision 2.
Adding         index.shtml

Committed revision 3.
/home/oc/cores
/home/oc/cores/core_arm /home/oc/cores
/home/oc/cores
/home/oc/cores/cowgirl /home/oc/cores
/home/oc/cores
/home/oc/cores/cpu6502_true_cycle /home/oc/cores
/home/oc/cores
/home/oc/cores/cpu65c02_true_cycle /home/oc/cores
/home/oc/cores
/home/oc/cores/cpu8080 /home/oc/cores
/home/oc/cores
/home/oc/cores/cpugen /home/oc/cores
Adding  (bin)  cpugen.jpg

Committed revision 2.
/home/oc/cores
/home/oc/cores/cryptopan_core /home/oc/cores
/home/oc/cores
/home/oc/cores/cryptosorter /home/oc/cores
/home/oc/cores
/home/oc/cores/csa /home/oc/cores
/home/oc/cores
/home/oc/cores/dallas_one-wire /home/oc/cores
/home/oc/cores
/home/oc/cores/dct /home/oc/cores
Adding         dct.shtml

Committed revision 1.
Adding  (bin)  dct.zip

Committed revision 2.
Adding         htmlbook.shtml

Committed revision 3.
Adding         modexp.shtml

Committed revision 4.
/home/oc/cores
/home/oc/cores/ddr_sdr /home/oc/cores
Adding  (bin)  ddr_sdr_V1_0.zip

Committed revision 1.
Adding  (bin)  ddr_sdr_V1_1.zip

Committed revision 2.
Adding         doc/readme.txt

Committed revision 3.
Adding         LICENSE.dat

Committed revision 4.

Committed revision 5.
/home/oc/cores
/home/oc/cores/ddsgen /home/oc/cores
/home/oc/cores
/home/oc/cores/decoder /home/oc/cores
Adding  (bin)  mp3_decoder.zip

Committed revision 1.
/home/oc/cores
/home/oc/cores/deflatecore /home/oc/cores
/home/oc/cores
/home/oc/cores/des /home/oc/cores
Adding         index.shtml

Committed revision 2.
/home/oc/cores
/home/oc/cores/design_dsp320tmsc10_with_vhdl /home/oc/cores
/home/oc/cores
/home/oc/cores/dfp /home/oc/cores
Adding  (bin)  dfp.gif

Committed revision 1.
Adding  (bin)  DFPV10.zip

Committed revision 2.
Adding  (bin)  V3.zip

Committed revision 3.
/home/oc/cores
/home/oc/cores/digifilter /home/oc/cores
/home/oc/cores
/home/oc/cores/diogenes /home/oc/cores
Adding  (bin)  diogenes.tar.bz2

Committed revision 2.
/home/oc/cores
/home/oc/cores/dirac /home/oc/cores
/home/oc/cores
/home/oc/cores/djpeg /home/oc/cores
/home/oc/cores
/home/oc/cores/dmacontroller /home/oc/cores
/home/oc/cores
/home/oc/cores/dmt_tx /home/oc/cores
/home/oc/cores
/home/oc/cores/dram /home/oc/cores
Adding         dram.html

Committed revision 1.
Adding         dram.shtml

Committed revision 2.
/home/oc/cores
/home/oc/cores/dualspartainc6713cpci /home/oc/cores
Adding  (bin)  6713_CPU.pdf

Committed revision 1.
Adding  (bin)  BotLayer.jpg

Committed revision 2.
Adding  (bin)  DSP_Front.jpg

Committed revision 3.
Adding  (bin)  DSP_near_done_tiny.jpg

Committed revision 4.
Adding  (bin)  Mid1Layer.jpg

Committed revision 5.
Adding  (bin)  Mid2Layer.jpg

Committed revision 6.
Adding  (bin)  SystemDiagram.jpg

Committed revision 7.
Adding  (bin)  TopLayer.jpg

Committed revision 8.
/home/oc/cores
/home/oc/cores/dwt2d /home/oc/cores
Adding  (bin)  DIPC1.zip

Committed revision 1.
/home/oc/cores
/home/oc/cores/e123mux /home/oc/cores
Adding  (bin)  Block_Diagram.jpg

Committed revision 1.
Adding         E123MUX_Core.pdf

Committed revision 2.
/home/oc/cores
/home/oc/cores/e1framer /home/oc/cores
/home/oc/cores
/home/oc/cores/e1framerdeframer /home/oc/cores
Adding  (bin)  e1_framer.zip

Committed revision 1.
Adding         fas_insert.vhd

Committed revision 2.
/home/oc/cores
/home/oc/cores/edatools /home/oc/cores
/home/oc/cores
/home/oc/cores/elevator /home/oc/cores
/home/oc/cores
/home/oc/cores/elphel_353 /home/oc/cores
/home/oc/cores
/home/oc/cores/embedded_risc /home/oc/cores
Adding  (bin)  Block_Diagram/sdram_controller.pdf

Committed revision 2.
/home/oc/cores
/home/oc/cores/embed_z8 /home/oc/cores
/home/oc/cores
/home/oc/cores/epp /home/oc/cores
Adding  (bin)  epp.jpg

Committed revision 1.
/home/oc/cores
/home/oc/cores/epp-interface-v /home/oc/cores
/home/oc/cores
/home/oc/cores/epp-to-wishbone /home/oc/cores
/home/oc/cores
/home/oc/cores/erp /home/oc/cores
Adding         ERPTechnicalReport4.pdf

Committed revision 1.
Adding         ERPTechnicalReport5.pdf

Committed revision 2.
Adding         ERPverilogcore.txt

Committed revision 3.
/home/oc/cores
/home/oc/cores/ethdev /home/oc/cores
/home/oc/cores
/home/oc/cores/ethernet_tri_mode /home/oc/cores
Adding  (bin)  ethernet_tri_mode.rel-1-0.tar.gz

Committed revision 2.
/home/oc/cores
/home/oc/cores/ethmac10g /home/oc/cores
/home/oc/cores
/home/oc/cores/ethmacvhdl /home/oc/cores
/home/oc/cores
/home/oc/cores/ethswitch /home/oc/cores
/home/oc/cores
/home/oc/cores/eus100lx /home/oc/cores
Adding  (bin)  180px-EUS_B_N.jpg

Committed revision 2.
Adding  (bin)  180px-EUS_T_N.jpg

Committed revision 3.
Adding  (bin)  EUS100LX_BD.gif

Committed revision 4.
/home/oc/cores
/home/oc/cores/eusfs /home/oc/cores
Adding  (bin)  eusfs-bd.jpg

Committed revision 1.
Adding  (bin)  EUSIIa_bottom_tn.jpg

Committed revision 2.
Adding  (bin)  EUS_II_topa_tn.jpg

Committed revision 3.
/home/oc/cores
/home/oc/cores/evision /home/oc/cores
/home/oc/cores
/home/oc/cores/extension_pack /home/oc/cores
/home/oc/cores
/home/oc/cores/fac2222m /home/oc/cores
Adding  (bin)  ADC-DAC-AMP.png

Committed revision 2.
Adding  (bin)  fac2222m.png

Committed revision 3.
/home/oc/cores
/home/oc/cores/fast-crc /home/oc/cores
Adding  (bin)  CRC-generator.tgz

Committed revision 2.
Adding  (bin)  CRC_ie3_contest.pdf

Committed revision 3.
Adding  (bin)  CRC.tgz

Committed revision 4.
Adding         Readme

Committed revision 5.
/home/oc/cores
/home/oc/cores/fbas_encoder /home/oc/cores
Adding  (bin)  chroma_gen.png

Committed revision 1.
Adding  (bin)  connect.png

Committed revision 2.
Adding  (bin)  fbas_encoder-0.21.tar.gz

Committed revision 3.
Adding  (bin)  fbas-encoder_0.31.tar.gz

Committed revision 4.
Adding  (bin)  fbas-enc_scrs1.jpg

Committed revision 5.
Adding  (bin)  luma_gen.png

Committed revision 6.
Adding  (bin)  main.png

Committed revision 7.
/home/oc/cores
/home/oc/cores/fcpu /home/oc/cores
/home/oc/cores
/home/oc/cores/ffr16 /home/oc/cores
Adding  (bin)  FFR16.jpg

Committed revision 2.
/home/oc/cores
/home/oc/cores/fft_32 /home/oc/cores
/home/oc/cores
/home/oc/cores/fftprocessor /home/oc/cores
/home/oc/cores
/home/oc/cores/fht /home/oc/cores
/home/oc/cores
/home/oc/cores/fifouart /home/oc/cores
Adding  (bin)  UART_datasheet.pdf

Committed revision 1.
/home/oc/cores
/home/oc/cores/filter /home/oc/cores
/home/oc/cores
/home/oc/cores/firewire /home/oc/cores
Adding         index.shtml

Committed revision 2.
/home/oc/cores
/home/oc/cores/fir_filter_generator /home/oc/cores
Adding         design-of-high-speed.pdf

Committed revision 1.
Adding  (bin)  FirGen_V1.0.zip

Committed revision 2.
Adding  (bin)  FirGen_V1.1.zip

Committed revision 3.
/home/oc/cores
/home/oc/cores/flha /home/oc/cores
/home/oc/cores
/home/oc/cores/floatingcore /home/oc/cores
/home/oc/cores
/home/oc/cores/floating_point_adder_subtractor /home/oc/cores
Adding         addsub.vhd

Committed revision 1.
Adding         normalize.vhd

Committed revision 2.
Adding         shift.vhd

Committed revision 3.
/home/oc/cores
/home/oc/cores/floppyif /home/oc/cores
/home/oc/cores
/home/oc/cores/fmtransmitter /home/oc/cores
/home/oc/cores
/home/oc/cores/fpga /home/oc/cores
Adding  (bin)  docs.jar

Committed revision 1.
Adding  (bin)  examples.jar

Committed revision 2.
Adding  (bin)  Fpga.pdf

Committed revision 3.
Adding  (bin)  fpga_sw.pdf

Committed revision 4.
Adding         gpl.txt

Committed revision 5.
Adding         index.shtml

Committed revision 6.
Adding  (bin)  KRPAN.jar

Committed revision 7.
Adding  (bin)  KRPAN.zip

Committed revision 8.
Adding  (bin)  opencores.cer

Committed revision 9.
Adding         pwm12_8s.v

Committed revision 10.
Adding  (bin)  sources.jar

Committed revision 11.
Adding  (bin)  sshot1.gif

Committed revision 12.
/home/oc/cores
/home/oc/cores/fpgabsp /home/oc/cores
/home/oc/cores
/home/oc/cores/fpgaconfig /home/oc/cores
Adding  (bin)  altera_config.png

Committed revision 1.
Adding  (bin)  fpgaConfig_system_block_diag.gif

Committed revision 2.
Adding  (bin)  fpgaConfig.zip

Committed revision 3.
/home/oc/cores
/home/oc/cores/fpgaproto /home/oc/cores
/home/oc/cores
/home/oc/cores/fpipelines /home/oc/cores
/home/oc/cores
/home/oc/cores/fpu /home/oc/cores
Adding         DEADJOE

Committed revision 2.
Adding         index.shtml

Committed revision 3.
/home/oc/cores
/home/oc/cores/fpu100 /home/oc/cores
Adding         bug_report_260407.txt

Committed revision 2.
Adding  (bin)  fpu_doc.pdf

Committed revision 3.
Adding  (bin)  fpu_v18.zip

Committed revision 4.
Adding  (bin)  fpu_v19.zip

Committed revision 5.
/home/oc/cores
/home/oc/cores/fpu32bit /home/oc/cores
/home/oc/cores
/home/oc/cores/fpuvhdl /home/oc/cores
/home/oc/cores
/home/oc/cores/freetools /home/oc/cores
/home/oc/cores
/home/oc/cores/froop /home/oc/cores
/home/oc/cores
/home/oc/cores/fsl2serial /home/oc/cores
/home/oc/cores
/home/oc/cores/gamepads /home/oc/cores
Adding  (bin)  gcpad.png

Committed revision 2.
Adding  (bin)  snespad.png

Committed revision 3.
Adding  (bin)  snespad_wire.jpg

Committed revision 4.
Adding  (bin)  thumb_gcpad.png

Committed revision 5.
Adding  (bin)  thumb_snespad.png

Committed revision 6.
Adding  (bin)  thumb_snespad_wire.jpg

Committed revision 7.
/home/oc/cores
/home/oc/cores/gcpu /home/oc/cores
/home/oc/cores
/home/oc/cores/generic_fifos /home/oc/cores
/home/oc/cores
/home/oc/cores/generic_fifovhd /home/oc/cores
/home/oc/cores
/home/oc/cores/gh_vhdl_library /home/oc/cores
Adding  (bin)  gh_vhdl_lib_3_34.pdf

Committed revision 1.
Adding  (bin)  gh_vhdl_lib_3_35.pdf

Committed revision 2.
Adding  (bin)  gh_vhdl_lib_3_36.pdf

Committed revision 3.
Adding  (bin)  gh_vhdl_lib_v3_34.zip

Committed revision 4.
Adding  (bin)  gh_vhdl_lib_v3_35.zip

Committed revision 5.
Adding  (bin)  gh_vhdl_lib_v3_36.zip

Committed revision 6.
/home/oc/cores
/home/oc/cores/gig_ethernet_mac_core /home/oc/cores
/home/oc/cores
/home/oc/cores/gix96 /home/oc/cores
/home/oc/cores
/home/oc/cores/gpio /home/oc/cores
Adding         index.shtml

Committed revision 2.
/home/oc/cores
/home/oc/cores/graphicallcd /home/oc/cores
Adding         index.shtml

Committed revision 2.
/home/oc/cores
/home/oc/cores/graphiti /home/oc/cores
Adding  (bin)  blockschaltbild.png

Committed revision 2.
Adding  (bin)  flowers.jpg

Committed revision 3.
Adding  (bin)  graphitib.jpg

Committed revision 4.
Adding  (bin)  graphiti.jpg

Committed revision 5.
Adding  (bin)  testbild.jpg

Committed revision 6.
Adding  (bin)  tflowers.jpg

Committed revision 7.
Adding  (bin)  thumb_flowers.jpg

Committed revision 8.
Adding  (bin)  thumb_graphitib.jpg

Committed revision 9.
Adding  (bin)  thumb_graphiti.jpg

Committed revision 10.
Adding  (bin)  thumb_testbild.jpg

Committed revision 11.
Adding  (bin)  thumb_tflowers.jpg

Committed revision 12.
/home/oc/cores
/home/oc/cores/gsc /home/oc/cores
Adding  (bin)  btyacc.tar.gz

Committed revision 1.
Adding  (bin)  graphviz-2.8.tar.gz

Committed revision 2.
Adding  (bin)  gsc-0.1.1.tar.gz

Committed revision 3.
Adding  (bin)  gsc.pdf

Committed revision 4.
Adding  (bin)  keystone.tar.gz

Committed revision 5.
Adding  (bin)  treecc-0.3.8.tar.gz

Committed revision 6.
/home/oc/cores
/home/oc/cores/gup /home/oc/cores
Adding  (bin)  gator_ucomputer_v1.0.zip

Committed revision 1.
Adding  (bin)  gup_logo_thumb.jpg

Committed revision 2.
Adding  (bin)  thumb_gup_logo_thumb.jpg

Committed revision 3.
/home/oc/cores
/home/oc/cores/gzip /home/oc/cores
/home/oc/cores
/home/oc/cores/hamming /home/oc/cores
/home/oc/cores
/home/oc/cores/hamming_gen /home/oc/cores
Adding  (bin)  hamming.zip

Committed revision 1.
/home/oc/cores
/home/oc/cores/hangyu /home/oc/cores
/home/oc/cores
/home/oc/cores/hasm /home/oc/cores
/home/oc/cores
/home/oc/cores/hdb3 /home/oc/cores
/home/oc/cores
/home/oc/cores/hdbn /home/oc/cores
/home/oc/cores
/home/oc/cores/hdlc /home/oc/cores
Adding  (bin)  HDLC_cont.jpg

Committed revision 2.
Adding         HDLC_cont.ps

Committed revision 3.
Adding  (bin)  hdlc_fifo.jpg

Committed revision 4.
Adding         hdlc_fifo.ps

Committed revision 5.
Adding         hdlc_project.html

Committed revision 6.
Adding  (bin)  hdlc_project.pdf

Committed revision 7.
Adding         hdlc_project.ps

Committed revision 8.
Adding  (bin)  HDLC_top.jpg

Committed revision 9.
Adding         HDLC_top.ps

Committed revision 10.
Adding         index.shtml

Committed revision 11.
Adding         wishlogo.ps

Committed revision 12.
/home/oc/cores
/home/oc/cores/help /home/oc/cores
Adding  (bin)  exp1pf.gif

Committed revision 2.
Adding         search.shtml

Committed revision 3.
/home/oc/cores
/home/oc/cores/hicovec /home/oc/cores
/home/oc/cores
/home/oc/cores/hierarch_unit /home/oc/cores
/home/oc/cores
/home/oc/cores/hmta /home/oc/cores
/home/oc/cores
/home/oc/cores/houmway /home/oc/cores
/home/oc/cores
/home/oc/cores/hpc-16 /home/oc/cores
/home/oc/cores
/home/oc/cores/hpcmemory /home/oc/cores
/home/oc/cores
/home/oc/cores/hssdrc /home/oc/cores
/home/oc/cores
/home/oc/cores/ht_tunnel /home/oc/cores
/home/oc/cores
/home/oc/cores/hwlu /home/oc/cores
/home/oc/cores
/home/oc/cores/i2c /home/oc/cores
Adding  (bin)  Block.gif

Committed revision 2.
Adding  (bin)  i2c_rev03.pdf

Committed revision 3.
Adding         index_orig.shtml

Committed revision 4.
Adding         index.shtml

Committed revision 5.
/home/oc/cores
/home/oc/cores/i2clog /home/oc/cores
Adding         Documentation/I2CLog.v

Committed revision 1.
Adding         front

Committed revision 2.
Adding         I2C_TrafficLogger.v

Committed revision 3.
/home/oc/cores
/home/oc/cores/i2c_master_slave_core /home/oc/cores
/home/oc/cores
/home/oc/cores/i2c_slave /home/oc/cores
Adding         iic_slave_3.v

Committed revision 1.
/home/oc/cores
/home/oc/cores/i2c_vhdl /home/oc/cores
/home/oc/cores
/home/oc/cores/i2s /home/oc/cores
Adding         dff.vhd

Committed revision 1.
Adding         ebu_2_i2s.vhd

Committed revision 2.
/home/oc/cores
/home/oc/cores/i2s_interface /home/oc/cores
Adding  (bin)  i2s_interface.zip

Committed revision 2.
/home/oc/cores
/home/oc/cores/i2sparalell /home/oc/cores
/home/oc/cores
/home/oc/cores/ic6821 /home/oc/cores
Adding         VHDL6821.vhd

Committed revision 1.
/home/oc/cores
/home/oc/cores/icu /home/oc/cores
/home/oc/cores
/home/oc/cores/ide /home/oc/cores
/home/oc/cores
/home/oc/cores/idea /home/oc/cores
Adding  (bin)  block_opmode.tar.gz

Committed revision 2.
Adding  (bin)  control.tar.gz

Committed revision 3.
Adding  (bin)  IDEA core block.GIF

Committed revision 4.
Adding  (bin)  idea_machine.tar.gz

Committed revision 5.
Adding  (bin)  IDEA mechine block.GIF

Committed revision 6.
Adding         index.shtml

Committed revision 7.
Adding  (bin)  keys_generate.tar.gz

Committed revision 8.
Adding  (bin)  Paper_IES2001_sby.PDF

Committed revision 9.
Adding  (bin)  port_inout.tar.gz

Committed revision 10.
/home/oc/cores
/home/oc/cores/iiepci /home/oc/cores
Adding  (bin)  iie_pci_back.jpg

Committed revision 2.
Adding  (bin)  iie_pci_diagram.jpg

Committed revision 3.
Adding  (bin)  iie_pci_front.jpg

Committed revision 4.
/home/oc/cores
/home/oc/cores/ima-adpcm /home/oc/cores
/home/oc/cores
/home/oc/cores/interface_vga80x40 /home/oc/cores
Adding  (bin)  FPGA_VGA_Electrical_Interface.png

Committed revision 1.
Adding  (bin)  if_vga80x40.zip

Committed revision 2.
Adding         VGA80x40_documentation.pdf

Committed revision 3.
/home/oc/cores
/home/oc/cores/ipchip /home/oc/cores
/home/oc/cores
/home/oc/cores/irda /home/oc/cores
Adding         index.shtml

Committed revision 2.
/home/oc/cores
/home/oc/cores/iso7816-3 /home/oc/cores
Adding  (bin)  iso7816-3.tgz

Committed revision 1.
/home/oc/cores
/home/oc/cores/isp /home/oc/cores
/home/oc/cores
/home/oc/cores/jop /home/oc/cores
/home/oc/cores
/home/oc/cores/jpeg /home/oc/cores
Adding  (bin)  DiagramaCompJPGen.png

Committed revision 2.
Adding  (bin)  floresconsubsamp211.jpg

Committed revision 3.
Adding  (bin)  floressinsubsamp.jpg

Committed revision 4.
Adding  (bin)  imagenfrutasQ05PSP.JPG

Committed revision 5.
Adding  (bin)  imagenfrutasQ15.jpg

Committed revision 6.
Adding  (bin)  imagenfrutasQ31.jpg

Committed revision 7.
Adding  (bin)  imagenfrutasQ50.jpg

Committed revision 8.
Adding  (bin)  imagenglobosPSPQ15.jpg

Committed revision 9.
Adding  (bin)  imagenglobosQ15.jpg

Committed revision 10.
/home/oc/cores
/home/oc/cores/jpegcompression /home/oc/cores
/home/oc/cores
/home/oc/cores/jtag /home/oc/cores
Adding  (bin)  Boundary-Scan Architecture.pdf

Committed revision 2.
Adding         index.shtml

Committed revision 3.
/home/oc/cores
/home/oc/cores/k68 /home/oc/cores
/home/oc/cores
/home/oc/cores/k7_viterbi_decoder /home/oc/cores
/home/oc/cores
/home/oc/cores/kad /home/oc/cores
/home/oc/cores
/home/oc/cores/kcpsm3_interrupt_handling /home/oc/cores
/home/oc/cores
/home/oc/cores/keyboardcontroller /home/oc/cores
/home/oc/cores
/home/oc/cores/keypad_scanner /home/oc/cores
/home/oc/cores
/home/oc/cores/kiss-board /home/oc/cores
/home/oc/cores
/home/oc/cores/ksystem /home/oc/cores
/home/oc/cores
/home/oc/cores/l8051 /home/oc/cores
Adding  (bin)  L8051.tar

Committed revision 1.
/home/oc/cores
/home/oc/cores/lcd /home/oc/cores
Adding         alliance.shtml

Committed revision 1.
Adding         counterc.shtml

Committed revision 2.
Adding         counter.shtml

Committed revision 3.
Adding         counterv.shtml

Committed revision 4.
Adding         decoderc.shtml

Committed revision 5.
Adding         decoderv.shtml

Committed revision 6.
Adding         dffresc.shtml

Committed revision 7.
Adding         dffresv.shtml

Committed revision 8.
Adding         dflipflop.shtml

Committed revision 9.
Adding         index.shtml

Committed revision 10.
Adding         index.shtml.old

Committed revision 11.
Adding  (bin)  LCD.ht1.gif

Committed revision 12.
Adding  (bin)  lcd.zip

Committed revision 13.
Adding         mcc.shtml

Committed revision 14.
Adding         mcv.shtml

Committed revision 15.
Adding         ramc.shtml

Committed revision 16.
Adding         ramv.shtml

Committed revision 17.
Adding         struct.shtml

Committed revision 18.
Adding         test.shtml

Committed revision 19.
/home/oc/cores
/home/oc/cores/lcd1 /home/oc/cores
/home/oc/cores
/home/oc/cores/lcd_controller /home/oc/cores
Adding  (bin)  AP.zip

Committed revision 1.
Adding         CM920TUserGuide.pdf

Committed revision 2.
Adding  (bin)  ColorTFT-LCDController.ppt

Committed revision 3.
Adding         DUI0146C_LM600.pdf

Committed revision 4.
Adding         tx18d16vm1caa.pdf

Committed revision 5.
/home/oc/cores
/home/oc/cores/ldpc_decoder_802_3an /home/oc/cores
Adding  (bin)  ldpc_decoder_802_3an.tar.gz

Committed revision 1.
/home/oc/cores
/home/oc/cores/ldpc_encoder_802_3an /home/oc/cores
Adding  (bin)  ldpc_encoder_802_3an.v.gz

Committed revision 1.
/home/oc/cores
/home/oc/cores/lem1_9min /home/oc/cores
Adding         d3_lem1_9min_hw.ucf

Committed revision 1.
Adding         Form1.cs

Committed revision 2.
Adding         lem1_9min_asm.csproj

Committed revision 3.
Adding         lem1_9min_defs.vhd

Committed revision 4.
Adding         lem1_9min_hw.vhd

Committed revision 5.
Adding         lem1_9min.vhd

Committed revision 6.
Adding         trinity_talk_041205.pdf

Committed revision 7.
/home/oc/cores
/home/oc/cores/light8080 /home/oc/cores
/home/oc/cores
/home/oc/cores/lin-a /home/oc/cores
/home/oc/cores
/home/oc/cores/line_codes /home/oc/cores
/home/oc/cores
/home/oc/cores/linuxvcap /home/oc/cores
/home/oc/cores
/home/oc/cores/llc1394 /home/oc/cores
/home/oc/cores
/home/oc/cores/log_anal /home/oc/cores
/home/oc/cores
/home/oc/cores/lowpowerfir /home/oc/cores
Adding  (bin)  FIRLowPowerConsiderations.doc

Committed revision 1.
Adding  (bin)  fir.zip

Committed revision 2.
/home/oc/cores
/home/oc/cores/lpc /home/oc/cores
/home/oc/cores
/home/oc/cores/lpu /home/oc/cores
Adding  (bin)  lpu.zip

Committed revision 1.
Adding  (bin)  Mem Driven Processor.doc

Committed revision 2.
/home/oc/cores
/home/oc/cores/lq057q3dc02 /home/oc/cores
/home/oc/cores
/home/oc/cores/lwmips /home/oc/cores
/home/oc/cores
/home/oc/cores/lwrisc /home/oc/cores
Adding  (bin)  200735153855.bmp

Committed revision 2.
Adding  (bin)  200735153855.JPG

Committed revision 3.
Adding  (bin)  clairisc.JPG

Committed revision 4.
Adding  (bin)  thumb_200735153855.JPG

Committed revision 5.
Adding  (bin)  thumb_clairisc.JPG

Committed revision 6.
Adding  (bin)  thumb_we.GIF

Committed revision 7.
Adding  (bin)  we.GIF

Committed revision 8.
/home/oc/cores
/home/oc/cores/m1_core /home/oc/cores
/home/oc/cores
/home/oc/cores/mac /home/oc/cores
/home/oc/cores
/home/oc/cores/macroblock_motion_detection /home/oc/cores
/home/oc/cores
/home/oc/cores/maf /home/oc/cores
/home/oc/cores
/home/oc/cores/mafa-pc-board /home/oc/cores
/home/oc/cores
/home/oc/cores/man2uart /home/oc/cores
Adding         Man2uartopencores.txt

Committed revision 1.
/home/oc/cores
/home/oc/cores/manchesterencoderdecoder /home/oc/cores
Adding         ME2.vhd

Committed revision 1.
/home/oc/cores
/home/oc/cores/marca /home/oc/cores
/home/oc/cores
/home/oc/cores/matrix3x3 /home/oc/cores
/home/oc/cores
/home/oc/cores/maxii-evalboard /home/oc/cores
Adding  (bin)  MAXII-Evalboard-V1.00-Designpackage.zip

Committed revision 1.
Adding  (bin)  MAXII-Evalboard_V1.0_a.jpg

Committed revision 2.
Adding  (bin)  MAXII-Evalboard_V1.0_b.jpg

Committed revision 3.
Adding  (bin)  MAXII-Evalboard_V1.0_BOM.xls

Committed revision 4.
Adding  (bin)  MAXII-Evalboard_V1.0_Gerber&CAM.zip

Committed revision 5.
Adding  (bin)  MAXII-Evalboard_V1.0.jpg

Committed revision 6.
Adding         MAXII-Evalboard_V1.0_PCB-Errata.txt

Committed revision 7.
Adding         MAXII-Evalboard_V1.0_PCB.pdf

Committed revision 8.
Adding  (bin)  MAXII-Evalboard_V1.0_Placement.pdf

Committed revision 9.
Adding  (bin)  MAXII-Evalboard_V1.0_Protel.zip

Committed revision 10.
Adding  (bin)  MAXII-Evalboard_V1.0_Schem.pdf

Committed revision 11.
/home/oc/cores
/home/oc/cores/mb-jpeg /home/oc/cores
Adding  (bin)  mb-jpeg_STEP2_1b.tar.bz2

Committed revision 2.
Adding  (bin)  mb-jpeg_STEP2_2b.tar.bz2

Committed revision 3.
Adding  (bin)  mb-jpeg_STEP7_2.tar.bz2

Committed revision 4.
/home/oc/cores
/home/oc/cores/mcbsp /home/oc/cores
/home/oc/cores
/home/oc/cores/mcpu /home/oc/cores
Adding  (bin)  mcpu_1.06b.zip

Committed revision 1.
Adding  (bin)  mcpu-doc.pdf

Committed revision 2.
Adding  (bin)  mcpu.pdf

Committed revision 3.
/home/oc/cores
/home/oc/cores/mcu8 /home/oc/cores
/home/oc/cores
/home/oc/cores/md5 /home/oc/cores
/home/oc/cores
/home/oc/cores/mdct /home/oc/cores
Adding  (bin)  block_diagram.jpg

Committed revision 2.
/home/oc/cores
/home/oc/cores/membist /home/oc/cores
/home/oc/cores
/home/oc/cores/mem_ctrl /home/oc/cores
Adding         index.shtml

Committed revision 2.
/home/oc/cores
/home/oc/cores/memorycontroller /home/oc/cores
/home/oc/cores
/home/oc/cores/memory_cores /home/oc/cores
Adding         index.shtml

Committed revision 2.
/home/oc/cores
/home/oc/cores/memory_sizer /home/oc/cores
Adding         documentation.shtml

Committed revision 2.
Adding         download.shtml

Committed revision 3.
Adding         index.shtml

Committed revision 4.
Adding         people.shtml

Committed revision 5.
/home/oc/cores
/home/oc/cores/mfpga /home/oc/cores
Adding         index.shtml

Committed revision 1.
Adding  (bin)  mfpga_block.gif

Committed revision 2.
Adding  (bin)  mfpga_block_new.gif

Committed revision 3.
Adding  (bin)  micro_orcad.sch

Committed revision 4.
Adding  (bin)  micro_protelbinary.lib

Committed revision 5.
Adding  (bin)  micro_protelbinary.sch

Committed revision 6.
Adding  (bin)  micro_sch.pdf

Committed revision 7.
Adding  (bin)  xcv50.jpg

Committed revision 8.
/home/oc/cores
/home/oc/cores/micore /home/oc/cores
/home/oc/cores
/home/oc/cores/microprocessor /home/oc/cores
/home/oc/cores
/home/oc/cores/milsa /home/oc/cores
/home/oc/cores
/home/oc/cores/milstd1553bbusprotocol /home/oc/cores
/home/oc/cores
/home/oc/cores/mini-acex1k /home/oc/cores
/home/oc/cores
/home/oc/cores/mini_aes /home/oc/cores
/home/oc/cores
/home/oc/cores/minimips /home/oc/cores
Adding  (bin)  miniMIPS.zip

Committed revision 2.
/home/oc/cores
/home/oc/cores/minirisc /home/oc/cores
Adding         index.shtml

Committed revision 2.
/home/oc/cores
/home/oc/cores/mips789 /home/oc/cores
Adding  (bin)  cal_PI_2.GIF

Committed revision 1.
Adding  (bin)  MIPS789.bmp

Committed revision 2.
Adding  (bin)  pi_2200.GIF

Committed revision 3.
Adding  (bin)  topview.GIF

Committed revision 4.
/home/oc/cores
/home/oc/cores/mipss /home/oc/cores
Adding         s70_32bit_to_9bit.vhd

Committed revision 1.
Adding         s70_ALU.vhd

Committed revision 2.
Adding         s70_ctrl_unit.vhd

Committed revision 3.
Adding         s70_data_mem_comp.vhd

Committed revision 4.
Adding         s70_data_mem.vhd

Committed revision 5.
Adding         s70_datapath.vhd

Committed revision 6.
Adding         s70_Ext_S_Z.vhd

Committed revision 7.
Adding         s70_inc.vhd

Committed revision 8.
/home/oc/cores
/home/oc/cores/mmcfpgaconfig /home/oc/cores
/home/oc/cores
/home/oc/cores/moonshadow /home/oc/cores
/home/oc/cores
/home/oc/cores/most /home/oc/cores
Adding  (bin)  MOST_Core_Compliance_Test_Specification.pdf

Committed revision 2.
Adding         MOSTSpecification.pdf

Committed revision 3.
/home/oc/cores
/home/oc/cores/most_core /home/oc/cores
/home/oc/cores
/home/oc/cores/motion_controller /home/oc/cores
/home/oc/cores
/home/oc/cores/motionestimator /home/oc/cores
/home/oc/cores
/home/oc/cores/motor /home/oc/cores
/home/oc/cores
/home/oc/cores/mp3decoder /home/oc/cores
/home/oc/cores
/home/oc/cores/mpdma /home/oc/cores
Adding  (bin)  BlazeCluster_v0.14.tar.bz2

Committed revision 2.
Adding  (bin)  BlazeCluster_v0.15.tar.bz2

Committed revision 3.
Adding  (bin)  BlazeClusterv0.17.zip

Committed revision 4.
Adding  (bin)  BlazeClusterv0.1.zip

Committed revision 5.
Adding  (bin)  koblenz8_20070902.zip

Committed revision 6.
Adding  (bin)  mpdma20061020.tar.bz2

Committed revision 7.
Adding  (bin)  mpdma20061023b.tar.bz2

Committed revision 8.
Adding  (bin)  mpdma20061023c.tar.bz2

Committed revision 9.
Adding  (bin)  mpdma20061023.tar.bz2

Committed revision 10.
Adding  (bin)  SoftwareMultiprocessoronFPGA20070608.pdf

Committed revision 11.
/home/oc/cores
/home/oc/cores/mpeg2decoder /home/oc/cores
/home/oc/cores
/home/oc/cores/mpeg4_video_coding /home/oc/cores
/home/oc/cores
/home/oc/cores/mpegencoderdecoder /home/oc/cores
/home/oc/cores
/home/oc/cores/mup /home/oc/cores
/home/oc/cores
/home/oc/cores/ncore /home/oc/cores
Adding         CASM.C

Committed revision 1.
Adding         NCORE2.V

Committed revision 2.
Adding         NCORE3.V

Committed revision 3.
Adding  (bin)  nCore_doc.pdf

Committed revision 4.
Adding  (bin)  NCORE.tar.bz2

Committed revision 5.
Adding         nCore.v

Committed revision 6.
Adding         SIM.C

Committed revision 7.
/home/oc/cores
/home/oc/cores/nemo_emotion /home/oc/cores
/home/oc/cores
/home/oc/cores/neot /home/oc/cores
/home/oc/cores
/home/oc/cores/neptune-core /home/oc/cores
Adding  (bin)  triton-block.png

Committed revision 1.
/home/oc/cores
/home/oc/cores/nnARM /home/oc/cores
Adding         Arch118.pdf

Committed revision 1.
Adding         Architecture111.pdf

Committed revision 2.
Adding  (bin)  Architecture111.pdf.old

Committed revision 3.
Adding         Architecture_jc.pdf

Committed revision 4.
Adding         BS.shtml

Committed revision 5.
Adding         default.htm

Committed revision 6.
Adding         Documentation.shtml

Committed revision 7.
Adding         Download.shtml

Committed revision 8.
Adding         GT.shtml

Committed revision 9.
Adding         index1.shtml

Committed revision 10.
Adding         index.shtml1

Committed revision 11.
Adding         index.shtml.old

Committed revision 12.
Adding         Introduction.shtml

Committed revision 13.
Adding         News.htm

Committed revision 14.
Adding         News.shtml

Committed revision 15.
Adding         nnARM.prog

Committed revision 16.
Adding  (bin)  nnARM_tb01_07_10_1.zip

Committed revision 17.
Adding  (bin)  nnARM_tb01_07_19.zip

Committed revision 18.
Adding  (bin)  nnARM_tb01_07_20.zip

Committed revision 19.
Adding  (bin)  nnARM_tb01_09_02.zip

Committed revision 20.
Adding         People.htm

Committed revision 21.
Adding         People.shtml

Committed revision 22.
Adding         PR.shtml

Committed revision 23.
Adding  (bin)  put.JPG

Committed revision 24.
Adding  (bin)  sARM01_06_08_1.zip

Committed revision 25.
Adding  (bin)  sARM01_06_12_2.zip

Committed revision 26.
Adding  (bin)  sARM01_06_15_2.zip

Committed revision 27.
Adding  (bin)  sARM01_07_12_2.zip

Committed revision 28.
Adding  (bin)  sARM01_07_19_4.zip

Committed revision 29.
Adding  (bin)  sARM01_07_20_2.zip

Committed revision 30.
Adding  (bin)  sARM01_07_30_4.zip

Committed revision 31.
Adding  (bin)  sARM01_08_30_3.zip

Committed revision 32.
Adding  (bin)  sARM01_09_02_1.zip

Committed revision 33.
Adding  (bin)  sARM01_09_05_2.zip

Committed revision 34.
Adding  (bin)  sARM01_11_1_3.zip.zip

Committed revision 35.
Adding  (bin)  sARM_tb.zip

Committed revision 36.
Adding  (bin)  tag3.bmp

Committed revision 37.
Adding  (bin)  Testbench/setlinker.jpg
Adding         Testbench/loadcon
Adding         Testbench/loadcon/loadcon.shtml
Adding  (bin)  Testbench/loadcon/loadcon_SDT.jpg
Adding         Testbench/loadcon/loadcon.txt
Adding  (bin)  Testbench/loadcon/loadcon.jpg
Adding  (bin)  Testbench/setlinker.JPG
Adding         Testbench/ldrlabel
Adding         Testbench/ldrlabel/ldrlabel.txt
Adding  (bin)  Testbench/ldrlabel/ldrlabel.jpg
Adding         Testbench/ldrlabel/ldrlabel.shtml
Adding  (bin)  Testbench/ldrlabel/ldrlabel_SDT.jpg
Adding  (bin)  Testbench/add2proj.jpg
Adding  (bin)  Testbench/put.JPG
Adding  (bin)  Testbench/put.jpg
Adding         Testbench/thumbsub
Adding         Testbench/thumbsub/thumbsub.shtml
Adding  (bin)  Testbench/thumbsub/thumbsub_SDT.JPG
Adding         Testbench/thumbsub/thumbsub.txt
Adding  (bin)  Testbench/thumbsub/thumbsub.JPG
Adding         Testbench/block
Adding         Testbench/block/block.shtml
Adding         Testbench/block/block.txt
Adding  (bin)  Testbench/block/block.JPG
Adding         Testbench/mul
Adding  (bin)  Testbench/mul/mul3.jpg
Adding         Testbench/mul/mul.shtml
Adding         Testbench/mul/mul.txt
Adding  (bin)  Testbench/mul/mul1.jpg
Adding  (bin)  Testbench/mul/mul2.jpg
Adding         Testbench/add64
Adding         Testbench/add64/add64.txt
Adding  (bin)  Testbench/add64/add64.jpg
Adding         Testbench/add64/add64.shtml
Adding  (bin)  Testbench/add64/add64_SDT.jpg
Adding         Testbench/strcopy
Adding  (bin)  Testbench/strcopy/strcopy.jpg
Adding         Testbench/strcopy/strcopy.shtml
Adding  (bin)  Testbench/strcopy/strcopy_SDT.jpg
Adding         Testbench/Testbench.shtml
Adding         Testbench/adrlabel
Adding  (bin)  Testbench/adrlabel/source.jpg
Adding  (bin)  Testbench/adrlabel/adrlable_SDT.jpg
Adding         Testbench/adrlabel/adrlabel.txt
Adding  (bin)  Testbench/adrlabel/adrlable.jpg
Adding         Testbench/adrlabel/adrlabel.shtml
Adding  (bin)  Testbench/thumbsub.JPG
Adding         Testbench/mla
Adding         Testbench/mla/mla.shtml
Adding  (bin)  Testbench/mla/mul3.jpg
Adding         Testbench/mla/mla.txt
Adding  (bin)  Testbench/mla/mla1.jpg
Adding  (bin)  Testbench/mla/mla2.jpg
Adding  (bin)  Testbench/mla/mla3.jpg
Adding  (bin)  Testbench/mla/mul1.jpg
Adding  (bin)  Testbench/mla/mul2.jpg
Adding         Testbench/mull
Adding         Testbench/mull/mull.shtml
Adding  (bin)  Testbench/mull/mull_SDT.JPG
Adding         Testbench/mull/mull.txt
Adding  (bin)  Testbench/mull/mull.JPG
Adding         Testbench/jump
Adding         Testbench/jump/jump.shtml
Adding  (bin)  Testbench/jump/jump_SDT.jpg
Adding         Testbench/jump/adrlabel.txt
Adding         Testbench/jump/jump.txt
Adding  (bin)  Testbench/jump/jump.jpg
Adding         Testbench/armex
Adding         Testbench/armex/armex.shtml
Adding  (bin)  Testbench/armex/armex_SDT.jpg
Adding         Testbench/armex/armex_src.shtml
Adding         Testbench/armex/Armex.txt
Adding  (bin)  Testbench/armex/armex.jpg
Adding  (bin)  Testbench/armex/armex2.jpg
Adding         Testbench/ldm
Adding         Testbench/ldm/ldm.shtml
Adding  (bin)  Testbench/ldm/ldm_SDT.JPG
Adding         Testbench/ldm/ldm.txt
Adding  (bin)  Testbench/ldm/ldm.JPG
Adding         Testbench/tblock
Adding         Testbench/tblock/tblock.shtml
Adding  (bin)  Testbench/tblock/block.JPG
Adding         Testbench/tblock/tblock.txt
Adding  (bin)  Testbench/tblock/tblock.JPG

Committed revision 38.
Adding         topFrame.htm

Committed revision 39.
Adding  (bin)  wishlogo.jpg

Committed revision 40.
/home/oc/cores
/home/oc/cores/nocem /home/oc/cores
/home/oc/cores
/home/oc/cores/noise_reduction /home/oc/cores
/home/oc/cores
/home/oc/cores/nonrestoringsquareroot /home/oc/cores
/home/oc/cores
/home/oc/cores/nova /home/oc/cores
/home/oc/cores
/home/oc/cores/npigrctrl /home/oc/cores
Adding  (bin)  demo.png

Committed revision 2.
Adding  (bin)  mpmc4.rar

Committed revision 3.
Adding         npi_eng.vhd

Committed revision 4.
/home/oc/cores
/home/oc/cores/oab1 /home/oc/cores
Adding         index.htm

Committed revision 1.
Adding  (bin)  title_logo.gif

Committed revision 2.
Adding  (bin)  ver01.JPG

Committed revision 3.
Adding  (bin)  ver02.jpg

Committed revision 4.
/home/oc/cores
/home/oc/cores/oberon /home/oc/cores
/home/oc/cores
/home/oc/cores/ocmips /home/oc/cores
Adding  (bin)  fpga.gif

Committed revision 1.
Adding  (bin)  opencores.gif

Committed revision 2.
Adding  (bin)  sim.GIF

Committed revision 3.
/home/oc/cores
/home/oc/cores/ocp_wb_wrapper /home/oc/cores
/home/oc/cores
/home/oc/cores/ocrp-1 /home/oc/cores
Adding  (bin)  block.gif

Committed revision 1.
Adding         index.shtml

Committed revision 2.
Adding         ocrp-1_bill_of_materials.txt

Committed revision 3.
Adding  (bin)  ocrp-1_gerber.tar.gz

Committed revision 4.
Adding  (bin)  ocrp1.jpg

Committed revision 5.
Adding  (bin)  ocrp1ord.pdf

Committed revision 6.
Adding  (bin)  ocrp-1_sch.pdf

Committed revision 7.
Adding  (bin)  PCB1-72dpi.jpg

Committed revision 8.
Adding  (bin)  PCB2-72dpi.jpg

Committed revision 9.
Adding  (bin)  pic1.jpg

Committed revision 10.
Adding  (bin)  pic2.jpg

Committed revision 11.
Adding  (bin)  pic3.jpg

Committed revision 12.
Adding  (bin)  pic4.jpg

Committed revision 13.
Adding  (bin)  pic7.jpg

Committed revision 14.
Adding         xc95288xl_tq144.bsd

Committed revision 15.
Adding         xcv100_tq144.bsd

Committed revision 16.
Adding         xcv50_tq144.bsd

Committed revision 17.
/home/oc/cores
/home/oc/cores/ofdm /home/oc/cores
/home/oc/cores
/home/oc/cores/ofdm-baseband-receiver /home/oc/cores
/home/oc/cores
/home/oc/cores/ofdm_modulator /home/oc/cores
/home/oc/cores
/home/oc/cores/oks8 /home/oc/cores
/home/oc/cores
/home/oc/cores/omega /home/oc/cores
/home/oc/cores
/home/oc/cores/opb_i2c /home/oc/cores
/home/oc/cores
/home/oc/cores/opb_isa /home/oc/cores
/home/oc/cores
/home/oc/cores/opb_onewire /home/oc/cores
/home/oc/cores
/home/oc/cores/opb_ps2_keyboard_controller /home/oc/cores
/home/oc/cores
/home/oc/cores/opb_psram_controller /home/oc/cores
/home/oc/cores
/home/oc/cores/opb_udp_transceiver /home/oc/cores
/home/oc/cores
/home/oc/cores/opb_vga_char_display_nodac /home/oc/cores
/home/oc/cores
/home/oc/cores/opb_wb_wrapper /home/oc/cores
/home/oc/cores
/home/oc/cores/open_1394_intellectual_property /home/oc/cores
/home/oc/cores
/home/oc/cores/open8_urisc /home/oc/cores
/home/oc/cores
/home/oc/cores/openarm /home/oc/cores
/home/oc/cores
/home/oc/cores/opencores /home/oc/cores
Adding  (bin)  27dec03_IrishTimes.pdf

Committed revision 2.
Adding  (bin)  bottom.jpg

Committed revision 3.
Adding  (bin)  dr_logo_b.gif

Committed revision 4.
Adding  (bin)  logos/oc_logo_black.gif
Adding  (bin)  logos/logos.zip
Adding  (bin)  logos/oc_bnr1.gif
Adding  (bin)  logos/oc_logo_outlined.gif
Adding  (bin)  logos/oc_bnr2.gif
Adding  (bin)  logos/oc_logo.cdr
Adding  (bin)  logos/oc_bnr3.gif
Adding  (bin)  logos/oc_btn1.gif
Adding  (bin)  logos/eliud3.gif
Adding  (bin)  logos/oc_logo.pdf
Adding  (bin)  logos/oc_btn2.gif
Adding  (bin)  logos/oc_btn3.gif
Adding  (bin)  logos/joerg1.gif
Adding  (bin)  logos/joerg2.gif
Adding  (bin)  logos/scott1.jpg
Adding  (bin)  logos/joerg3.gif
Adding  (bin)  logos/phuzzy1.gif
Adding  (bin)  logos/joerg4.gif
Adding  (bin)  logos/phuzzy2.gif
Adding  (bin)  logos/paolo1.gif
Adding  (bin)  logos/joerg5.gif
Adding  (bin)  logos/paolo2.gif
Adding  (bin)  logos/lwei1.jpg
Adding         logos/johansson
Adding  (bin)  logos/johansson/open_c_l.gif
Adding  (bin)  logos/johansson/open_c.gif
Adding  (bin)  logos/johansson/open_c_r.gif
Adding         logos/johansson/open_c.shtml
Adding  (bin)  logos/johansson/blank.gif
Adding  (bin)  logos/johansson/open_c_ani.gif
Adding  (bin)  logos/jng1.gif
Adding  (bin)  logos/jng2.gif
Adding  (bin)  logos/jng3.gif
Adding  (bin)  logos/jng4.gif
Adding  (bin)  logos/jng5.gif
Adding  (bin)  logos/jng6.gif
Adding  (bin)  logos/otso1.gif
Adding  (bin)  logos/bobklein1.gif
Adding  (bin)  logos/bobklein2.gif
Adding  (bin)  logos/scott2.gif
Adding  (bin)  logos/oc_logo1.wmf
Adding  (bin)  logos/menezes1.gif
Adding  (bin)  logos/oc_logo2.wmf
Adding  (bin)  logos/oc_logo3.wmf
Adding         logos/index.shtml
Adding  (bin)  logos/mlampret_01.jpg
Adding  (bin)  logos/azadnik.jpg
Adding  (bin)  logos/vogel1.gif
Adding  (bin)  logos/mlampret_02.jpg
Adding  (bin)  logos/clbutler1.gif
Adding  (bin)  logos/bach_01.gif
Adding  (bin)  logos/battenberg1.gif
Adding  (bin)  logos/clbutler2.gif
Adding  (bin)  logos/eliud1.jpg
Adding  (bin)  logos/bach_02.gif
Adding  (bin)  logos/eliud2.jpg
Adding  (bin)  logos/clbutler3.gif
Adding  (bin)  logos/clbutler4.gif
Adding  (bin)  logos/title_logo.gif
Adding  (bin)  logos/garcia_01.png
Adding         logos/oc_logo.ai
Adding  (bin)  logos/oc_logo_grey.gif

Committed revision 5.
Adding  (bin)  mdl_logo.jpg

Committed revision 6.
Adding  (bin)  ORSoC_logo.jpg

Committed revision 7.
Adding         press/press_release_9dec1999.shtml
Adding         press/FG-RISCLIBRE383.doc.pdf
Adding         press/drafts
Adding  (bin)  press/or1k_avtomatika.pdf
Adding         press/pr_8jan2001.shtml
Adding  (bin)  press/pr_12aug2002.pdf
Adding         press/pr_25feb2002.shtml

Committed revision 8.
Adding  (bin)  regionalbreakdown.png

Committed revision 9.
Adding  (bin)  siteranking.png

Committed revision 10.
Adding  (bin)  sponsors/simwave.gif
Adding  (bin)  sponsors/Altera_img.jpg
Adding  (bin)  sponsors/synapticadlogo.gif
Adding  (bin)  sponsors/xesslogo.png
Adding  (bin)  sponsors/dr_logo_b.gif
Adding  (bin)  sponsors/veriloggerscreen1.gif
Adding  (bin)  sponsors/protellogo.gif
Adding  (bin)  sponsors/veriloggerscreen2.gif
Adding  (bin)  sponsors/b_board.gif
Adding  (bin)  sponsors/protel99screen1big.gif
Adding  (bin)  sponsors/nclaunch.gif
Adding  (bin)  sponsors/protel99screen2big.gif
Adding  (bin)  sponsors/FlexSemiLogo.gif
Adding  (bin)  sponsors/cadence_logo.gif
Adding  (bin)  sponsors/xsv300.gif
Adding  (bin)  sponsors/altera_logo.jpg
Adding  (bin)  sponsors/protel99screen1.gif
Adding  (bin)  sponsors/veriloggerscreen1big.gif
Adding  (bin)  sponsors/veriloggerscreen2big.gif
Adding  (bin)  sponsors/protel99screen2.gif

Committed revision 11.
Adding  (bin)  thumb_dr_logo_b.gif

Committed revision 12.
Adding  (bin)  Ultimodule_Logo_Blue.JPG

Committed revision 13.
/home/oc/cores
/home/oc/cores/opencpu678085 /home/oc/cores
/home/oc/cores
/home/oc/cores/openfire /home/oc/cores
/home/oc/cores
/home/oc/cores/openfire2 /home/oc/cores
Adding  (bin)  freertos.zip

Committed revision 2.
Adding         targetselection.itb

Committed revision 3.
/home/oc/cores
/home/oc/cores/openfire_core /home/oc/cores
/home/oc/cores
/home/oc/cores/openh263 /home/oc/cores
/home/oc/cores
/home/oc/cores/openriscdevboard /home/oc/cores
Adding  (bin)  altera_dev_brd.zip

Committed revision 1.
Adding  (bin)  cyc2-openrisc.zip

Committed revision 2.
Adding  (bin)  fpgaConfigEval_V1_2.zip

Committed revision 3.
Adding  (bin)  usbPlusUart.zip

Committed revision 4.
/home/oc/cores
/home/oc/cores/open_tcpip /home/oc/cores
/home/oc/cores
/home/oc/cores/opentech /home/oc/cores
Adding         changes_1_4_0.txt

Committed revision 1.
Adding         changes_1_4_1.txt

Committed revision 2.
Adding         changes_1_5_0.txt

Committed revision 3.
Adding         changes_1_5_1.txt

Committed revision 4.
Adding         changes_1_6_0.txt

Committed revision 5.
Adding         changes_1_6_1.txt

Committed revision 6.
Adding         contents_1_4_0.txt

Committed revision 7.
Adding         contents_1_4_1.txt

Committed revision 8.
Adding         contents_1_5_0.txt

Committed revision 9.
Adding         contents_1_5_1.txt

Committed revision 10.
Adding         contents_1_6_0.txt

Committed revision 11.
Adding         contents_1_6_1.txt

Committed revision 12.
Adding         content.txt

Committed revision 13.
Adding  (bin)  covers.zip

Committed revision 14.
Adding  (bin)  icon.gif

Committed revision 15.
Adding  (bin)  icon.jpg

Committed revision 16.
Adding  (bin)  icon.png

Committed revision 17.
Adding  (bin)  logo_full.jpg

Committed revision 18.
Adding  (bin)  OpenTech_Info.xls

Committed revision 19.
Adding  (bin)  OpenTechnologies_small.gif

Committed revision 20.
Adding  (bin)  OT_Contents.zip

Committed revision 21.
/home/oc/cores
/home/oc/cores/openverifla /home/oc/cores
Adding  (bin)  verifla_keyboard_protocol_verification_50procent.jpg

Committed revision 2.
/home/oc/cores
/home/oc/cores/or1200gct /home/oc/cores
/home/oc/cores
/home/oc/cores/or1k-cf /home/oc/cores
/home/oc/cores
/home/oc/cores/or1k-new /home/oc/cores
/home/oc/cores
/home/oc/cores/ovcodec /home/oc/cores
Adding  (bin)  ogg_files.zip

Committed revision 1.
/home/oc/cores
/home/oc/cores/pap /home/oc/cores
/home/oc/cores
/home/oc/cores/pavr /home/oc/cores
Adding  (bin)  pavr032.chm.zip

Committed revision 2.
Adding  (bin)  pavr032-devel.zip

Committed revision 3.
Adding  (bin)  pavr032.html.zip

Committed revision 4.
Adding  (bin)  pavr0351-devel.zip

Committed revision 5.
Adding  (bin)  pavr0351-release-chm.zip

Committed revision 6.
Adding  (bin)  pavr0351-release-html.zip

Committed revision 7.
Adding         todo.html

Committed revision 8.
/home/oc/cores
/home/oc/cores/pci /home/oc/cores
Adding         charact.shtml

Committed revision 2.
Adding         contacts.shtml

Committed revision 3.
Adding         current_stat.shtml

Committed revision 4.
Adding         documentation.shtml

Committed revision 5.
Adding         download.shtml

Committed revision 6.
Adding         index.shtml

Committed revision 7.
Adding         links.shtml

Committed revision 8.
Adding  (bin)  PCI_HOST_architecture.jpg

Committed revision 9.
Adding         pci_parity.html

Committed revision 10.
Adding         pci_prototype.shtml

Committed revision 11.
Adding         PCIsim.shtml

Committed revision 12.
Adding         pci_snapshots.shtml

Committed revision 13.
Adding  (bin)  PCI_VGA_conn.jpg

Committed revision 14.
Adding  (bin)  PCI_VGA_cristal.jpg

Committed revision 15.
Adding  (bin)  PCI_VGA_sch.gif

Committed revision 16.
Adding  (bin)  PCI_VGA_sch.jpg

Committed revision 17.
Adding  (bin)  PCI_VGA_test_brd.gif

Committed revision 18.
Adding  (bin)  pcixwin.jpg

Committed revision 19.
Adding  (bin)  Pic00022.jpg

Committed revision 20.
Adding  (bin)  Pic00026.jpg

Committed revision 21.
Adding  (bin)  Pic00027.jpg

Committed revision 22.
Adding  (bin)  Pic00028.jpg

Committed revision 23.
Adding  (bin)  Pic00037.jpg

Committed revision 24.
Adding  (bin)  pics/Pic00026.jpg
Adding  (bin)  pics/Pic00027.jpg
Adding  (bin)  pics/Pic00028.jpg
Adding  (bin)  pics/Pic00037.jpg
Adding  (bin)  pics/Pic00022.jpg

Committed revision 25.
Adding         references.shtml

Committed revision 26.
Adding         test_app.shtml

Committed revision 27.
Adding         testbench.shtml

Committed revision 28.
Adding         test_board.shtml

Committed revision 29.
Adding         test_driver.shtml

Committed revision 30.
Adding         test_snapshots.shtml

Committed revision 31.
Adding  (bin)  thumb_pcixwin.jpg

Committed revision 32.
Adding  (bin)  thumb_Pic00022.jpg

Committed revision 33.
Adding  (bin)  thumb_Pic00026.jpg

Committed revision 34.
Adding  (bin)  thumb_Pic00027.jpg

Committed revision 35.
Adding  (bin)  thumb_Pic00028.jpg

Committed revision 36.
Adding  (bin)  thumb_Pic00037.jpg

Committed revision 37.
Adding         todo_list.shtml

Committed revision 38.
/home/oc/cores
/home/oc/cores/pci32tlite_oc /home/oc/cores
/home/oc/cores
/home/oc/cores/pci-board /home/oc/cores
Adding  (bin)  PCI-Board.jpeg

Committed revision 1.
Adding  (bin)  PCI-Board.jpg

Committed revision 2.
Adding         PCI-CARD-SCH-v1.0.pdf

Committed revision 3.
Adding         PCI-Card-v1.0.pdf

Committed revision 4.
/home/oc/cores
/home/oc/cores/pci_controller /home/oc/cores
/home/oc/cores
/home/oc/cores/pcie_vera_tb /home/oc/cores
/home/oc/cores
/home/oc/cores/pci_express /home/oc/cores
/home/oc/cores
/home/oc/cores/pci_express_crc /home/oc/cores
/home/oc/cores
/home/oc/cores/pci_ide_controller /home/oc/cores
/home/oc/cores
/home/oc/cores/pci_mini /home/oc/cores
Adding  (bin)  PCI_Mini_IP_core_Datasheet2.0_oc.pdf

Committed revision 1.
Adding  (bin)  PCI_mini.zip

Committed revision 2.
/home/oc/cores
/home/oc/cores/pcix /home/oc/cores
/home/oc/cores
/home/oc/cores/pcmcia /home/oc/cores
/home/oc/cores
/home/oc/cores/performance_counter /home/oc/cores
Adding  (bin)  PeformanceCounterforMicroblazev0.1.zip

Committed revision 1.
/home/oc/cores
/home/oc/cores/perlilog /home/oc/cores
Adding         index.shtml

Committed revision 1.
Adding         old-index.shtml

Committed revision 2.
Adding  (bin)  Perlilog-0.2.tar.gz

Committed revision 3.
Adding  (bin)  Perlilog-0.3.tar.gz

Committed revision 4.
Adding         perlilog-guide-0.2.pdf

Committed revision 5.
Adding         perlilog-guide-0.3.pdf

Committed revision 6.
Adding         perlilog-guide.pdf

Committed revision 7.
Adding  (bin)  perlilog.tar.gz

Committed revision 8.
Adding  (bin)  perlilog.zip

Committed revision 9.
/home/oc/cores
/home/oc/cores/phoenix_controller /home/oc/cores
/home/oc/cores
/home/oc/cores/pic8259 /home/oc/cores
/home/oc/cores
/home/oc/cores/picoblaze_interrupt_controller /home/oc/cores
Adding  (bin)  Pblaze_IntController-061221.zip

Committed revision 1.
/home/oc/cores
/home/oc/cores/pif2wb /home/oc/cores
/home/oc/cores
/home/oc/cores/pipelined_aes /home/oc/cores
/home/oc/cores
/home/oc/cores/pipelined_dct /home/oc/cores
/home/oc/cores
/home/oc/cores/piranha /home/oc/cores
/home/oc/cores
/home/oc/cores/power_inverter /home/oc/cores
/home/oc/cores
/home/oc/cores/ppcnorthbridge /home/oc/cores
/home/oc/cores
/home/oc/cores/ppx16 /home/oc/cores
/home/oc/cores
/home/oc/cores/product_code_iterative_decoder /home/oc/cores
/home/oc/cores
/home/oc/cores/profibus_dp /home/oc/cores
Adding  (bin)  vhdl_source_files.zip

Committed revision 1.
/home/oc/cores
/home/oc/cores/programmabledct /home/oc/cores
/home/oc/cores
/home/oc/cores/project /home/oc/cores
Adding  (bin)  datapath.pdf

Committed revision 1.
Adding  (bin)  Informations.doc

Committed revision 2.
Adding  (bin)  memories_core_jenerator_implementations.rar

Committed revision 3.
Adding  (bin)  Readme-Instructions.doc

Committed revision 4.
Adding  (bin)  RegFile_SystemC_implementation.rar

Committed revision 5.
Adding  (bin)  systemC_Implementation.rar

Committed revision 6.
Adding  (bin)  Xilinx_project_from_files_from_SystemC_implementation.rar

Committed revision 7.
/home/oc/cores
/home/oc/cores/ps2 /home/oc/cores
Adding         documentation.shtml

Committed revision 2.
Adding         download.shtml

Committed revision 3.
Adding         index.shtml

Committed revision 4.
Adding         people.shtml

Committed revision 5.
/home/oc/cores
/home/oc/cores/ps2core /home/oc/cores
/home/oc/cores
/home/oc/cores/ptc /home/oc/cores
Adding         index.shtml

Committed revision 2.
Adding         ptc_spec.pdf

Committed revision 3.
/home/oc/cores
/home/oc/cores/pyramid_unit /home/oc/cores
/home/oc/cores
/home/oc/cores/quadraturecount /home/oc/cores
/home/oc/cores
/home/oc/cores/r2000 /home/oc/cores
/home/oc/cores
/home/oc/cores/radixrsa /home/oc/cores
Adding         core.shtml

Committed revision 1.
Adding         doc.shtml

Committed revision 2.
Adding  (bin)  dotty.gif

Committed revision 3.
Adding         index.shtml

Committed revision 4.
Adding  (bin)  montgo.jpg

Committed revision 5.
Adding  (bin)  RSAAlgorithm.pdf

Committed revision 6.
Adding  (bin)  title_logo.gif

Committed revision 7.
/home/oc/cores
/home/oc/cores/raggedstone /home/oc/cores
/home/oc/cores
/home/oc/cores/rc5-72 /home/oc/cores
/home/oc/cores
/home/oc/cores/rc5_decoder /home/oc/cores
/home/oc/cores
/home/oc/cores/rfid /home/oc/cores
Adding         7Prog.pdf

Committed revision 1.
Adding  (bin)  TheMultiTagTesterFinal.exe

Committed revision 2.
/home/oc/cores
/home/oc/cores/rijndael /home/oc/cores
Adding  (bin)  dekrip_files/image018.gif
Adding  (bin)  dekrip_files/image001.wmz
Adding  (bin)  dekrip_files/image003.wmz
Adding  (bin)  dekrip_files/image011.emz
Adding  (bin)  dekrip_files/image013.emz
Adding  (bin)  dekrip_files/image005.emz
Adding  (bin)  dekrip_files/image015.emz
Adding  (bin)  dekrip_files/image007.emz
Adding  (bin)  dekrip_files/image017.emz
Adding  (bin)  dekrip_files/image009.emz
Adding  (bin)  dekrip_files/image019.emz
Adding  (bin)  dekrip_files/oledata.mso
Adding  (bin)  dekrip_files/image010.gif
Adding  (bin)  dekrip_files/image020.gif
Adding  (bin)  dekrip_files/image002.gif
Adding  (bin)  dekrip_files/image012.gif
Adding  (bin)  dekrip_files/image021.gif
Adding  (bin)  dekrip_files/image004.gif
Adding         dekrip_files/filelist.xml
Adding  (bin)  dekrip_files/image014.gif
Adding  (bin)  dekrip_files/image006.gif
Adding  (bin)  dekrip_files/image008.gif

Committed revision 1.
Adding         dekrip.htm

Committed revision 2.
Adding  (bin)  enkrip_files/image010.wmz
Adding  (bin)  enkrip_files/image009.gif
Adding  (bin)  enkrip_files/image019.gif
Adding  (bin)  enkrip_files/image012.wmz
Adding  (bin)  enkrip_files/image014.wmz
Adding  (bin)  enkrip_files/image006.wmz
Adding  (bin)  enkrip_files/image016.wmz
Adding  (bin)  enkrip_files/image008.wmz
Adding  (bin)  enkrip_files/image018.wmz
Adding  (bin)  enkrip_files/enkrip.zip
Adding  (bin)  enkrip_files/oledata.mso
Adding  (bin)  enkrip_files/image001.gif
Adding  (bin)  enkrip_files/image002.gif
Adding  (bin)  enkrip_files/image011.gif
Adding  (bin)  enkrip_files/image003.gif
Adding  (bin)  enkrip_files/image013.gif
Adding  (bin)  enkrip_files/image004.gif
Adding         enkrip_files/filelist.xml
Adding  (bin)  enkrip_files/image005.gif
Adding  (bin)  enkrip_files/image015.gif
Adding  (bin)  enkrip_files/image007.gif
Adding  (bin)  enkrip_files/image017.gif

Committed revision 3.
Adding         enkrip.htm

Committed revision 4.
Adding         enkrip.pdf

Committed revision 5.
/home/oc/cores
/home/oc/cores/risc16f84 /home/oc/cores
Adding         risc16f84_lite.v

Committed revision 2.
Adding         risc16f84_small.v

Committed revision 3.
Adding         risc16f84.v

Committed revision 4.
/home/oc/cores
/home/oc/cores/risc36 /home/oc/cores
/home/oc/cores
/home/oc/cores/risc5x /home/oc/cores
Adding  (bin)  hex_conv.zip

Committed revision 2.
Adding  (bin)  risc5x_rel1.0.zip

Committed revision 3.
Adding  (bin)  risc5x_rel1.1.zip

Committed revision 4.
/home/oc/cores
/home/oc/cores/risc_core_i /home/oc/cores
Adding  (bin)  risc_core_I.zip

Committed revision 1.
Adding  (bin)  RISCCore.pdf

Committed revision 2.
Adding  (bin)  vhdl files.zip

Committed revision 3.
Adding  (bin)  Zusammenfassung.pdf

Committed revision 4.
/home/oc/cores
/home/oc/cores/riscmcu /home/oc/cores
/home/oc/cores
/home/oc/cores/risc_processor_with_os /home/oc/cores
/home/oc/cores
/home/oc/cores/rise /home/oc/cores
/home/oc/cores
/home/oc/cores/rng_lib /home/oc/cores
Adding  (bin)  rng_lib_v10.zip

Committed revision 2.
/home/oc/cores
/home/oc/cores/robot_control_library /home/oc/cores
Adding  (bin)  documentation.zip

Committed revision 1.
Adding  (bin)  OPB_PID_v1_00_a.zip

Committed revision 2.
Adding  (bin)  OPB_PS2_Joypad_v1_00_a.zip

Committed revision 3.
Adding  (bin)  Quadrature_Encoder_v1_00_a.zip

Committed revision 4.
Adding  (bin)  Stepper_Control_v1_00_a.zip

Committed revision 5.
/home/oc/cores
/home/oc/cores/rosetta /home/oc/cores
/home/oc/cores
/home/oc/cores/rs232_syscon /home/oc/cores
Adding  (bin)  b10_safe_12_18_01_dual_path.zip

Committed revision 2.
Adding  (bin)  b11_risc16f84_05_03_02.zip

Committed revision 3.
Adding  (bin)  b13_safe_09_17_02.zip

Committed revision 4.
Adding         documentation.shtml

Committed revision 5.
Adding         download.shtml

Committed revision 6.
Adding  (bin)  Image4.gif

Committed revision 7.
Adding         index.shtml

Committed revision 8.
Adding         people.shtml

Committed revision 9.
Adding  (bin)  rs232_syscon_1_00_source.zip

Committed revision 10.
Adding  (bin)  rs232_syscon_1_01_xsoc.zip

Committed revision 11.
Adding  (bin)  rs232_syscon1.doc

Committed revision 12.
Adding  (bin)  rs232_syscon_autobaud.zip

Committed revision 13.
Adding         rs232_syscon.htm

Committed revision 14.
Adding         rs232_syscon.pdf

Committed revision 15.
Adding  (bin)  rs232_syscon_soc1.zip

Committed revision 16.
Adding  (bin)  rs232_syscon_soc2.zip

Committed revision 17.
Adding  (bin)  rs232_syscon_soc3.zip

Committed revision 18.
Adding         srec_to_rs232.pl

Committed revision 19.
/home/oc/cores
/home/oc/cores/rs_5_3_gf256 /home/oc/cores
Adding  (bin)  ReedSolomon(5,3)Codec.ppt

Committed revision 2.
/home/oc/cores
/home/oc/cores/rsa /home/oc/cores
Adding         index.shtml

Committed revision 2.
Adding         rsa

Committed revision 3.
Adding         RSA.htm

Committed revision 4.
Adding         RSA.shtml

Committed revision 5.
/home/oc/cores
/home/oc/cores/rs_decoder_31_19_6 /home/oc/cores
/home/oc/cores
/home/oc/cores/rsencoder /home/oc/cores
Adding         readme.txt

Committed revision 1.
Adding         reed_solomon.v

Committed revision 2.
Adding         rs_testbench.v

Committed revision 3.
/home/oc/cores
/home/oc/cores/s1_core /home/oc/cores
/home/oc/cores
/home/oc/cores/sardmips /home/oc/cores
/home/oc/cores
/home/oc/cores/sasc /home/oc/cores
/home/oc/cores
/home/oc/cores/sata1a /home/oc/cores
/home/oc/cores
/home/oc/cores/sayeh_processor /home/oc/cores
/home/oc/cores
/home/oc/cores/sbd_sqrt_fp /home/oc/cores
/home/oc/cores
/home/oc/cores/sc2v /home/oc/cores
/home/oc/cores
/home/oc/cores/scarm /home/oc/cores
Adding  (bin)  arm1.JPG

Committed revision 1.
Adding         chinese/sysmec.htm
Adding         chinese/systemc.htm

Committed revision 2.
Adding         english/scarm.htm

Committed revision 3.
Adding  (bin)  images/Welco.gif

Committed revision 4.
Adding         index.shtml

Committed revision 5.
Adding         main.shtml

Committed revision 6.
Adding  (bin)  src.zip

Committed revision 7.

Committed revision 8.
Adding  (bin)  test.zip

Committed revision 9.
/home/oc/cores
/home/oc/cores/scsi_interface /home/oc/cores
/home/oc/cores
/home/oc/cores/sdram /home/oc/cores
Adding         index.shtml

Committed revision 2.
Adding         index.shtml2

Committed revision 3.
Adding  (bin)  intefacing block diagram.gif

Committed revision 4.
Adding  (bin)  interfacing_block_diagram.gif

Committed revision 5.
Adding  (bin)  sdram_doc.pdf

Committed revision 6.
Adding         sdram.html

Committed revision 7.
Adding  (bin)  sdram_ip_doc_preliminary.pdf

Committed revision 8.
/home/oc/cores
/home/oc/cores/sdram_ctrl /home/oc/cores
/home/oc/cores
/home/oc/cores/sdr_sdram_ctrl /home/oc/cores
/home/oc/cores
/home/oc/cores/serial_div_uu /home/oc/cores
/home/oc/cores
/home/oc/cores/serpent_core /home/oc/cores
/home/oc/cores
/home/oc/cores/sfpga /home/oc/cores
Adding         index.shtml

Committed revision 1.
Adding  (bin)  ocrp-2_protel_sch.zip

Committed revision 2.
Adding  (bin)  OCRP-2_sch_preliminary.pdf

Committed revision 3.
Adding  (bin)  sfpga_block.gif

Committed revision 4.
/home/oc/cores
/home/oc/cores/sha1 /home/oc/cores
Adding         sha1_readme_v01.txt

Committed revision 2.
Adding  (bin)  sha1_v01.zip

Committed revision 3.
/home/oc/cores
/home/oc/cores/sha_core /home/oc/cores
/home/oc/cores
/home/oc/cores/simpcon /home/oc/cores
/home/oc/cores
/home/oc/cores/simplearm /home/oc/cores
/home/oc/cores
/home/oc/cores/simple-cpu /home/oc/cores
/home/oc/cores
/home/oc/cores/simple_fm_receiver /home/oc/cores
/home/oc/cores
/home/oc/cores/simple_gpio /home/oc/cores
/home/oc/cores
/home/oc/cores/simple_pic /home/oc/cores
/home/oc/cores
/home/oc/cores/simple_spi /home/oc/cores
/home/oc/cores
/home/oc/cores/simple_uart /home/oc/cores
Adding  (bin)  simpleUart.zip

Committed revision 1.
/home/oc/cores
/home/oc/cores/single_clock_divider /home/oc/cores
/home/oc/cores
/home/oc/cores/single_port /home/oc/cores
Adding  (bin)  single_port.tar.gz

Committed revision 2.
Adding  (bin)  single_port.zip

Committed revision 3.
/home/oc/cores
/home/oc/cores/slave_vme_bridge /home/oc/cores
/home/oc/cores
/home/oc/cores/smallarm /home/oc/cores
/home/oc/cores
/home/oc/cores/smbus_if /home/oc/cores
Adding  (bin)  smbus_if.doc

Committed revision 1.
/home/oc/cores
/home/oc/cores/socbuilder /home/oc/cores
/home/oc/cores
/home/oc/cores/soft_core_risc_microprocessor_design_enabling_the_port_of_an_os /home/oc/cores
/home/oc/cores
/home/oc/cores/sonet /home/oc/cores
Adding  (bin)  blockdia.doc

Committed revision 1.
Adding  (bin)  overview.doc

Committed revision 2.
/home/oc/cores
/home/oc/cores/spacewire /home/oc/cores
Adding  (bin)  Router.JPG

Committed revision 2.
Adding  (bin)  SpWinterfacewithCODEC.JPG

Committed revision 3.
/home/oc/cores
/home/oc/cores/spacewire_if /home/oc/cores
/home/oc/cores
/home/oc/cores/spates /home/oc/cores
/home/oc/cores
/home/oc/cores/spdif_interface /home/oc/cores
/home/oc/cores
/home/oc/cores/spi /home/oc/cores
/home/oc/cores
/home/oc/cores/spi_boot /home/oc/cores
/home/oc/cores
/home/oc/cores/spicc /home/oc/cores
/home/oc/cores
/home/oc/cores/spiflashcontroller /home/oc/cores
/home/oc/cores
/home/oc/cores/spimaster /home/oc/cores
Adding  (bin)  spiMaster.zip

Committed revision 1.
/home/oc/cores
/home/oc/cores/spi_slave /home/oc/cores
/home/oc/cores
/home/oc/cores/spi-slave /home/oc/cores
/home/oc/cores
/home/oc/cores/srl_fifo /home/oc/cores
/home/oc/cores
/home/oc/cores/srtdivision /home/oc/cores
/home/oc/cores
/home/oc/cores/ss_pcm /home/oc/cores
/home/oc/cores
/home/oc/cores/ssram /home/oc/cores
Adding         index.shtml

Committed revision 2.
/home/oc/cores
/home/oc/cores/steppermotordrive /home/oc/cores
/home/oc/cores
/home/oc/cores/sts1 /home/oc/cores
Adding         spe.vhd

Committed revision 1.
/home/oc/cores
/home/oc/cores/svmac /home/oc/cores
/home/oc/cores
/home/oc/cores/sxp /home/oc/cores
Adding  (bin)  sxp_block.gif

Committed revision 2.
/home/oc/cores
/home/oc/cores/system05 /home/oc/cores
/home/oc/cores
/home/oc/cores/system09 /home/oc/cores
/home/oc/cores
/home/oc/cores/system11 /home/oc/cores
/home/oc/cores
/home/oc/cores/system68 /home/oc/cores
/home/oc/cores
/home/oc/cores/system6801 /home/oc/cores
Adding  (bin)  System6801.zip

Committed revision 1.
Adding  (bin)  utilities.zip

Committed revision 2.
/home/oc/cores
/home/oc/cores/systemcaes /home/oc/cores
/home/oc/cores
/home/oc/cores/systemc_cordic /home/oc/cores
/home/oc/cores
/home/oc/cores/systemcdes /home/oc/cores
/home/oc/cores
/home/oc/cores/systemcmd5 /home/oc/cores
/home/oc/cores
/home/oc/cores/systemc_rng /home/oc/cores
/home/oc/cores
/home/oc/cores/t400 /home/oc/cores
/home/oc/cores
/home/oc/cores/t48 /home/oc/cores
/home/oc/cores
/home/oc/cores/t51 /home/oc/cores
/home/oc/cores
/home/oc/cores/t65 /home/oc/cores
/home/oc/cores
/home/oc/cores/t80 /home/oc/cores
/home/oc/cores
/home/oc/cores/t8000 /home/oc/cores
/home/oc/cores
/home/oc/cores/tdm /home/oc/cores
Adding         index.shtml

Committed revision 2.
Adding  (bin)  tdm_core.jpg

Committed revision 3.
Adding         tdm_core.ps

Committed revision 4.
Adding  (bin)  tdm_ISDN_top.jpg

Committed revision 5.
Adding         tdm_ISDN_top.ps

Committed revision 6.
Adding         tdm_project.html

Committed revision 7.
Adding  (bin)  tdm_project.pdf

Committed revision 8.
Adding         tdm_project.ps

Committed revision 9.
Adding  (bin)  tdm_top.jpg

Committed revision 10.
Adding         tdm_top.ps

Committed revision 11.
Adding         wishlogo.ps

Committed revision 12.
/home/oc/cores
/home/oc/cores/tdm_switch /home/oc/cores
Adding         map.dat

Committed revision 1.
Adding  (bin)  ModelSim_Edition.exe

Committed revision 2.
Adding         stream_0.dat

Committed revision 3.
Adding         stream_1.dat

Committed revision 4.
Adding         stream_2.dat

Committed revision 5.
Adding         stream_3.dat

Committed revision 6.
Adding         stream_4.dat

Committed revision 7.
Adding         stream_5.dat

Committed revision 8.
Adding         stream_6.dat

Committed revision 9.
Adding         stream_7.dat

Committed revision 10.
Adding         tdm_switch_b.v

Committed revision 11.
Adding  (bin)  TDM_Switch_DS.pdf

Committed revision 12.
Adding         tdm_switch_top_timesim.sdf

Committed revision 13.
Adding         tdm_switch_top_timesim.v

Committed revision 14.
Adding         tdm_switch_top.v

Committed revision 15.
Adding         testbench_top.v

Committed revision 16.
/home/oc/cores
/home/oc/cores/template /home/oc/cores
/home/oc/cores
/home/oc/cores/test /home/oc/cores
Adding  (bin)  apple.gif

Committed revision 2.
Adding  (bin)  FLEX_w_CMYK_R_LG.jpg

Committed revision 3.
Adding         include1.ssi

Committed revision 4.
Adding         include2.ssi

Committed revision 5.
/home/oc/cores
/home/oc/cores/test1 /home/oc/cores
/home/oc/cores
/home/oc/cores/test2 /home/oc/cores
/home/oc/cores
/home/oc/cores/test3 /home/oc/cores
/home/oc/cores
/home/oc/cores/test_project /home/oc/cores
/home/oc/cores
/home/oc/cores/test-project /home/oc/cores
/home/oc/cores
/home/oc/cores/tg68 /home/oc/cores
/home/oc/cores
/home/oc/cores/tiny64 /home/oc/cores
/home/oc/cores
/home/oc/cores/tiny8 /home/oc/cores
/home/oc/cores
/home/oc/cores/tlc2 /home/oc/cores
/home/oc/cores
/home/oc/cores/toe /home/oc/cores
/home/oc/cores
/home/oc/cores/tone_generator /home/oc/cores
/home/oc/cores
/home/oc/cores/totalcpu /home/oc/cores
/home/oc/cores
/home/oc/cores/trinitor /home/oc/cores
/home/oc/cores
/home/oc/cores/truescalar /home/oc/cores
/home/oc/cores
/home/oc/cores/ts7300_opencore /home/oc/cores
Adding  (bin)  7300stclwp.jpg

Committed revision 2.
Adding  (bin)  ts7300_opencore.zip

Committed revision 3.
/home/oc/cores
/home/oc/cores/turbocodes /home/oc/cores
Adding  (bin)  turbo.tar.gz

Committed revision 1.
/home/oc/cores
/home/oc/cores/tv80 /home/oc/cores
Adding  (bin)  tv80_rel1.0.zip

Committed revision 2.
/home/oc/cores
/home/oc/cores/twofish /home/oc/cores
/home/oc/cores
/home/oc/cores/twofish_team /home/oc/cores
Adding  (bin)  ciphertext.jpg

Committed revision 1.
Adding  (bin)  cleartext.jpg

Committed revision 2.
Adding  (bin)  key-mod.jpg

Committed revision 3.
Adding  (bin)  modifiedF.jpg

Committed revision 4.
Adding         peracangan

Committed revision 5.
Adding  (bin)  qper.jpg

Committed revision 6.
Adding  (bin)  s-boxes.jpg

Committed revision 7.
Adding  (bin)  twofish.jpg

Committed revision 8.
Adding  (bin)  twofish.zip

Committed revision 9.
/home/oc/cores
/home/oc/cores/ualpha /home/oc/cores
/home/oc/cores
/home/oc/cores/uart16550 /home/oc/cores
Adding         index.shtml

Committed revision 2.
/home/oc/cores
/home/oc/cores/uart8bit /home/oc/cores
/home/oc/cores
/home/oc/cores/uart_fifo /home/oc/cores
/home/oc/cores
/home/oc/cores/uart_serial /home/oc/cores
/home/oc/cores
/home/oc/cores/ucore /home/oc/cores
Adding  (bin)  ucsys-0.0.1.rar

Committed revision 1.
/home/oc/cores
/home/oc/cores/ultimate_crc /home/oc/cores
Adding  (bin)  ultimate_crc_1_0.zip

Committed revision 2.
/home/oc/cores
/home/oc/cores/ultramegasquirt /home/oc/cores
/home/oc/cores
/home/oc/cores/ultravec /home/oc/cores
/home/oc/cores
/home/oc/cores/upcable /home/oc/cores
Adding  (bin)  odd_vhdl.zip

Committed revision 1.
Adding         OneDollarDongle.pdf

Committed revision 2.
Adding  (bin)  ver1_xc9536xl_vq44_single_side.zip

Committed revision 3.
/home/oc/cores
/home/oc/cores/usb11 /home/oc/cores
/home/oc/cores
/home/oc/cores/usb1_funct /home/oc/cores
/home/oc/cores
/home/oc/cores/usb_dongle_fpga /home/oc/cores
Adding  (bin)  block_diagram.png

Committed revision 2.
Adding  (bin)  dongle_block.png

Committed revision 3.
Adding  (bin)  mini_LR_DSC_0016.jpg

Committed revision 4.
Adding  (bin)  small_LR_DSC_0016.jpg

Committed revision 5.
Adding  (bin)  usb_dongle.jpg

Committed revision 6.
/home/oc/cores
/home/oc/cores/usbhost /home/oc/cores
/home/oc/cores
/home/oc/cores/usbhostslave /home/oc/cores
Adding  (bin)  ALDEC_logo.jpg

Committed revision 2.
Adding  (bin)  dual_Fairchild_USB_PHY_daughter_card_12001-00Rev-01.zip

Committed revision 3.
Adding  (bin)  NIOSsoftware.zip

Committed revision 4.
Adding  (bin)  ohs900.zip

Committed revision 5.
Adding  (bin)  usbhostslave.zip

Committed revision 6.
/home/oc/cores
/home/oc/cores/usb_phy /home/oc/cores
/home/oc/cores
/home/oc/cores/usucc /home/oc/cores
/home/oc/cores
/home/oc/cores/utop_lvl_1 /home/oc/cores
/home/oc/cores
/home/oc/cores/verilator /home/oc/cores
/home/oc/cores
/home/oc/cores/vgafb /home/oc/cores
/home/oc/cores
/home/oc/cores/vga_lcd /home/oc/cores
Adding  (bin)  block_diagram.gif

Committed revision 2.
Adding  (bin)  block_diagram.jpg

Committed revision 3.
Adding         index.shtml

Committed revision 4.
Adding         vga_core.pdf

Committed revision 5.
/home/oc/cores
/home/oc/cores/vhcg /home/oc/cores
Adding  (bin)  morpheus1.1release.rar

Committed revision 1.
Adding  (bin)  morpheus.tar.gz

Committed revision 2.
Adding  (bin)  Specification.pdf

Committed revision 3.
/home/oc/cores
/home/oc/cores/vhdl_cpu_emulator /home/oc/cores
Adding  (bin)  vhdl_cpu_emulator_Beta.7z

Committed revision 2.
/home/oc/cores
/home/oc/cores/vhdlmd5 /home/oc/cores
/home/oc/cores
/home/oc/cores/vhld_tb /home/oc/cores
/home/oc/cores
/home/oc/cores/video_starter_kit /home/oc/cores
Adding  (bin)  main_designoverview0.0.2.pdf

Committed revision 1.
/home/oc/cores
/home/oc/cores/vip_regs /home/oc/cores
/home/oc/cores
/home/oc/cores/viterbi_decoder /home/oc/cores
/home/oc/cores
/home/oc/cores/viterbi_decoder_k_7_r_1_2 /home/oc/cores
/home/oc/cores
/home/oc/cores/vmebus /home/oc/cores
/home/oc/cores
/home/oc/cores/vmm /home/oc/cores
/home/oc/cores
/home/oc/cores/warp /home/oc/cores
/home/oc/cores
/home/oc/cores/wb2hpi /home/oc/cores
Adding  (bin)  BlockTransfer1.jpg

Committed revision 2.
Adding  (bin)  BlockTransfer2.jpg

Committed revision 3.
Adding  (bin)  DspFill1.jpg

Committed revision 4.
Adding  (bin)  DspMemory1.jpg

Committed revision 5.
Adding  (bin)  DspMemory2.jpg

Committed revision 6.
Adding  (bin)  DSPMove1.jpg

Committed revision 7.
Adding  (bin)  Registers.jpg

Committed revision 8.
Adding  (bin)  SistemMemoryFill1.jpg

Committed revision 9.
Adding  (bin)  SistemMemoryMove1.jpg

Committed revision 10.
Adding  (bin)  SystemMemory1.jpg

Committed revision 11.
Adding  (bin)  TestBench051.jpg

Committed revision 12.
Adding  (bin)  wb2hpi_hw2.jpg

Committed revision 13.
/home/oc/cores
/home/oc/cores/wb2npi /home/oc/cores
/home/oc/cores
/home/oc/cores/wb_builder /home/oc/cores
Adding  (bin)  users_manual.pdf

Committed revision 2.
/home/oc/cores
/home/oc/cores/wb_conbus /home/oc/cores
/home/oc/cores
/home/oc/cores/wb_conmax /home/oc/cores
Adding  (bin)  conmax.jpg

Committed revision 2.
Adding         index.shtml

Committed revision 3.
/home/oc/cores
/home/oc/cores/wbc_parallel_master /home/oc/cores
Adding  (bin)  wbc_parallel_master-spec_doc-r01.pdf

Committed revision 2.
/home/oc/cores
/home/oc/cores/wb_ddr /home/oc/cores
/home/oc/cores
/home/oc/cores/wb_dma /home/oc/cores
Adding         index.shtml

Committed revision 2.
/home/oc/cores
/home/oc/cores/wb_flash /home/oc/cores
/home/oc/cores
/home/oc/cores/wbif_68k /home/oc/cores
/home/oc/cores
/home/oc/cores/wb_lpc /home/oc/cores
/home/oc/cores
/home/oc/cores/wb_mcs51 /home/oc/cores
/home/oc/cores
/home/oc/cores/wb_rtc /home/oc/cores
Adding  (bin)  ports.jpg

Committed revision 1.
Adding  (bin)  structure.jpg

Committed revision 2.
Adding  (bin)  wb_rtc.zip

Committed revision 3.
/home/oc/cores
/home/oc/cores/wb_tk /home/oc/cores
Adding         index.shtml

Committed revision 2.
Adding         wb_arbiter.shtml

Committed revision 3.
Adding         wb_async_master.shtml

Committed revision 4.
Adding         wb_async_slave.shtml

Committed revision 5.
Adding         wb_bus_resizer.shtml

Committed revision 6.
Adding         wb_extensions.shtml

Committed revision 7.
Adding         wb_out_reg.shtml

Committed revision 8.
Adding         wb_ram.shtml

Committed revision 9.
Adding         wb_test.shtml

Committed revision 10.
/home/oc/cores
/home/oc/cores/wb_vga /home/oc/cores
Adding         accel.shtml

Committed revision 2.
Adding         index.shtml

Committed revision 3.
Adding         mouse.shtml

Committed revision 4.
Adding         palette.shtml

Committed revision 5.
Adding         vga_chip.shtml

Committed revision 6.
Adding         vga_core.shtml

Committed revision 7.
Adding         vga_core_v2.shtml

Committed revision 8.
/home/oc/cores
/home/oc/cores/wb_z80 /home/oc/cores
/home/oc/cores
/home/oc/cores/wb_zbt /home/oc/cores
/home/oc/cores
/home/oc/cores/wisbone_2_ahb /home/oc/cores
/home/oc/cores
/home/oc/cores/wishbone /home/oc/cores
Adding         appnote_01.pdf

Committed revision 1.
Adding         flex.pdf

Committed revision 2.
Adding  (bin)  press_release_12_08_2002.pdf

Committed revision 3.
Adding         soc_bus_comparison.pdf

Committed revision 4.
Adding         wbspec_b1.pdf

Committed revision 5.
Adding         wbspec_b2.pdf

Committed revision 6.
Adding         wbspec_b3.pdf

Committed revision 7.
/home/oc/cores
/home/oc/cores/wishbone2ahb /home/oc/cores
/home/oc/cores
/home/oc/cores/wishbone_bfm /home/oc/cores
/home/oc/cores
/home/oc/cores/wishbone_checker /home/oc/cores
/home/oc/cores
/home/oc/cores/wishbone_out_port /home/oc/cores
/home/oc/cores
/home/oc/cores/wishbone_to_ahb /home/oc/cores
/home/oc/cores
/home/oc/cores/wlanmac /home/oc/cores
/home/oc/cores
/home/oc/cores/wlan_modem /home/oc/cores
/home/oc/cores
/home/oc/cores/wpf /home/oc/cores
/home/oc/cores
/home/oc/cores/x25_protocol_interface_project /home/oc/cores
/home/oc/cores
/home/oc/cores/x86soc /home/oc/cores
/home/oc/cores
/home/oc/cores/xge_mac /home/oc/cores
/home/oc/cores
/home/oc/cores/xmatchpro /home/oc/cores
Adding  (bin)  open_xmw2.zip

Committed revision 1.
/home/oc/cores
/home/oc/cores/xtea /home/oc/cores
/home/oc/cores
/home/oc/cores/yacc /home/oc/cores
/home/oc/cores
/home/oc/cores/yellowstar /home/oc/cores
Adding         appendix.pdf

Committed revision 1.
Adding         processor.v

Committed revision 2.
Adding         report.pdf

Committed revision 3.
Adding  (bin)  yellowstar_schematics.tar.gz

Committed revision 4.
Adding  (bin)  yellowstar_symbols.tar.gz

Committed revision 5.
Adding  (bin)  yellow_star.tar.gz

Committed revision 6.
Adding  (bin)  ys_logo.jpg

Committed revision 7.
/home/oc/cores
/home/oc/cores/yoda /home/oc/cores
/home/oc/cores
/home/oc/cores/z80soc /home/oc/cores
Adding  (bin)  mP5170003.JPG

Committed revision 2.
Adding  (bin)  mP5180007.JPG

Committed revision 3.
Adding  (bin)  thumb_mP5170003.JPG

Committed revision 4.
Adding  (bin)  thumb_mP5180007.JPG

Committed revision 5.
/home/oc/cores
/home/oc/cores/zpu /home/oc/cores
Adding  (bin)  compile.PNG

Committed revision 2.
Adding  (bin)  simulator2.PNG

Committed revision 3.
Adding  (bin)  simulator3.PNG

Committed revision 4.
Adding  (bin)  simulator.PNG

Committed revision 5.
Adding  (bin)  thumb_compile.PNG

Committed revision 6.
Adding  (bin)  thumb_simulator2.PNG

Committed revision 7.
Adding  (bin)  thumb_simulator3.PNG

Committed revision 8.
Adding  (bin)  thumb_simulator.PNG

Committed revision 9.
/home/oc/cores
All checkins done
